username
jbauer
ebyun
bdieseldorff
gou
jwhong
lgerhat
bfisher
lglanville
vhsiao
rmitchell
pmandel
Ozymandias
dbathgate
ishafer
dgrieneisen
nrpayton8
Tom Riddle
emorikawa
pchung
tmichon
astocks
etowns
jcross
cnguyen
abowlby
ajones
ksihlanick
jgorasia
cfitzhugh
swolpert
kporta
akubitza
akenvarg
apradhan
komanakuttan
gmarra
smcclure
jholler
schao
avinash
alevitz
eoleynikova
ddougherty
sthomson
ljentoft
gdavidoff
bradleypowers
swaskom
sallen
auttamchandani
zkratzer
apethan
dcody
jwest
tindik
slam
itcltadm
mboutelle
ldethrow
nlee
lkaye
kschults
jadudm
jmurray
echisa
ldunne
mhuang
aushani
mboes
agao
nhays
kmurphy
sbackus
aolsen
tsmith
jhwang
aweis
lweis
jstanton
jkeene
Shiggins
kstadtmueller
coffenbacher
arash
miradu
root
zbrass
gboggs
jsantos
lmendelson
jherman
ekoukina
jhiggins
james
kevinbretney
eschumacher
rrangan
jlin
yli
rnancollas
kmiller
cstokes
mmurray
cmcleod
dsotingco
jrosenwinkel
ktowers
nwittenstein
melsenbeck
mmurphy
abarry
bcharles
pierre
amartin
jinman
b
jmoore1
Oleg
jharley
cwang
wdvorak
mmorales
nhobbs
jzapanta
jessimurray
vdimitrov
bsmall
mchang
jmccandless
esheldon
npayton
mtaylor1
ddougher
gpratt
Gill Pratt
dgebhart
szimmerman
adyer
Sticky Light
malvarado
jsimonovich
santol
jizraelevitz
vmani
onionuser
Nick
czwiebel
pwillemann
alloyd
pdirkse
jswitzer
mschmidt
rstedman
afabian
sthompson
chicks
malv
jrucker
btaratutin
Oleg Murray
kterracciano
jatkinson
nmartelaro
mbejar
znewell
rpratt
mstark
mbittner
Rorschach
rcherney
kelliott
lreed
xy
aleigh
cmarra
greg
xziemba
wandree
rkim
eswartz
tlamar
ksimon
Dubs Nasty
rwang
jsanten
rsobecki
jcurtis
mritter
khicks
kspong
Chris Marra
rliu
fbalestra
szinnen
kdramstad
dnelson
hjaffe
crouleau
ssun
etowers
szimmermann
mlavine
lfirstenberg
coff
rleung
jregulinski
gthomas
George Weasley
Harry Potter
Goyle
Barty Crouch Jr
Crabbe
Colin Creevey
Peter Pettigrew
MadEye Moody
Fleur Delacour
Bellatrix Black
Draco Malfoy
Cedric Diggory
Cho Chang
Tonks
Dudley Dursley
Dean Thomas
PEEVES
Albus Dumbledore
Voldemort
Severus Snape
Aragog
Godric Gryffindor
Sirius Black
Mr Ollivander
Fred Weasley
Hedwig
Ron Weasley
Helga Hufflepuff
Seamus Finnigan
Dobby
Buckbeak
Rubeus Hagrid
jmiller
kadamec
The%Punisher
Wolverine
Spiderman
Rick%James%.......Bitch
The Dark Knight
Wonder Woman
Venom
Iron Man
The%Hulk
Robin
The%Joker
The%Green%Goblin
The Joker
The Green Goblin
Rick James .......Bitch
The Hulk
The Punisher
Andy Rooney
Sarah Palin
Barack Obama
Joe Biden
GOD
Jon Stewart
Ron Paul
Al Gore
Stephen Colbert
Hillary Clinton
Mike Huckabee
Jesus
John McCain
Wolf Blitzer
AC306
WH401
Eh207
Sketchy Babson Bros
EH306F
Steve Jobs
WH204
Paul Allen
Bill Gates
Ben Stein
Michael Bloomberg
AC409
The Guy Stealing Your Identity Now
Thats What She Said
Not The NYSE
YOUR MOM
Frankie Olin
The Queen
Warren Buffet
Larry Ellison
Mitt Romney
Dubs Nasty Andree
Dubs Nasty..
Dubs Nasty.
Dubs Nasty!
Dubs Nasty?
Dubs Another Nasty
Dubs Nasty Man
Dubs Nastyyyy
Dubs NastyNasty
ctappan
herman
jmeyer
bradpowers
yfeng
rmacklin
mcrawford
rzeller
awu
nmattison
apikler
