username
jbauer
ebyun
bdieseldorff
gou
jwhong
lgerhat
bfisher
lglanville
vhsiao
rmitchell
pmandel
Ozymandias
dbathgate
ishafer
dgrieneisen
nrpayton8
Tom Riddle
emorikawa
pchung
tmichon
onionuser
etowns
jcross
cnguyen
abowlby
acarmedelle
ksihlanick
jgorasia
tvaziri
swolpert
kporta
akenvarg
apradhan
komanakuttan
smcclure
rsobecki
jcurtis
jholler
ksimon
avinash
alevitz
eoleynikova
akolisetty
rnancollas
gmarra
ljentoft
kpletcher
bradleypowers
swaskom
jwest
auttamchandani
zkratzer
apethan
dcody
pbooth
tindik
slam
itcltadm
mboutelle
ldethrow
nlee
lkaye
nting
jadudm
jmurray
echisa
ldunne
rmcmullen
yfeng
mboes
agao
nhays
kmurphy
sbackus
aolsen
tsmith
jhwang
aweis
lweis
jstanton
jkeene
kstadtmueller
coffenbacher
arash
miradu
root
jnoglows
gboggs
jsantos
lhill
jherman
ekolker
jhiggins
vhamilton
kevinbretney
eschumacher
rrangan
jlin
yli
tvidolova
kmiller
cstokes
mcrawford
cmcleod
dsotingco
jrosenwinkel
ktowers
nwittenstein
melsenbeck
tryan
abarry
tlamar
pierre
amartin
jinman
b
jmoore1
Oleg
jharley
cwang
wdvorak
mmorales
nhobbs
jzapanta
jessimurray
vdimitrov
James
bsmall
mchang
jmccandless
apikler
npayton
mtaylor1
ddougher
gpratt
Gill Pratt
mritter
dgebhart
szimmerman
adyer
Sticky Light
kbrookshier
msullivan
santol
gpleiss
vmani
rstedman
Nick
czwiebel
pwillemann
alloyd
schao
jswitzer
mdunn
kbreseman
sthompson
chicks
malv
astocks
btaratutin
Oleg Murray
jmeyer
jatkinson
jli
mbejar
crouleau
rpratt
mstark
mbittner
Rorschach
tpandolfo
ssun
lreed
xy
aleigh
cmarra
greg
xziemba
rkim
eswartz
cmaisel
kelliott
Dubs Nasty
gdavidoff
jsanten
rcrosby1
gthomas
bcharles
khicks
lfirstenberg
Chris Marra
pdirkse
fbalestra
rfox
mseger
dnelson
mheyns
mschmidt
etowers
szimmermann
mfarison
coff
rleung
jregulinski
acuadra
George Weasley
Harry Potter
Goyle
Barty Crouch Jr
Crabbe
Colin Creevey
Peter Pettigrew
MadEye Moody
Fleur Delacour
Bellatrix Black
Draco Malfoy
Cedric Diggory
Cho Chang
Tonks
Dudley Dursley
Dean Thomas
PEEVES
Albus Dumbledore
Voldemort
Severus Snape
Aragog
Godric Gryffindor
Sirius Black
Mr Ollivander
Fred Weasley
Hedwig
Ron Weasley
Helga Hufflepuff
Seamus Finnigan
Dobby
Buckbeak
Rubeus Hagrid
chill
kadamec
The%Punisher
Wolverine
Spiderman
Rick%James%.......Bitch
The Dark Knight
Wonder Woman
Venom
Iron Man
The%Hulk
Robin
The%Joker
The%Green%Goblin
The Joker
The Green Goblin
Rick James .......Bitch
The Hulk
The Punisher
Andy Rooney
Sarah Palin
Barack Obama
Joe Biden
GOD
Jon Stewart
Ron Paul
Al Gore
Stephen Colbert
Hillary Clinton
Mike Huckabee
Jesus
John McCain
Wolf Blitzer
AC306
WH401
Eh207
Sketchy Babson Bros
EH306F
Steve Jobs
WH204
Paul Allen
Bill Gates
Ben Stein
Michael Bloomberg
AC409
The Guy Stealing Your Identity Now
Thats What She Said
Not The NYSE
YOUR MOM
Frankie Olin
The Queen
Warren Buffet
Larry Ellison
Mitt Romney
Dubs Nasty Andree
Dubs Nasty..
Dubs Nasty.
Dubs Nasty!
Dubs Nasty?
Dubs Another Nasty
Dubs Nasty Man
Dubs Nastyyyy
Dubs NastyNasty
ctappan
kdellaPorta
herman
rmacklin
aushani
John Harley
bradpowers
esheldon
nmartelaro
rzeller
afabian
jhart
ssproch
mmurray
USERNAME
rwang
test
mmurphy
ethrelkeld
ddougherty
clandey
zhbrass
kdramstad
ghooton
ajones
eshackleton
jbethune
hnafis
Geoffrey
ibiesanz
Shiggins
sthomson
mhuang
bsmith
vpong
znewell
cfitzhugh
sallen
akubitza
hsarver
traymond
cgallello
ggubba
zbrass
lmendelson
rbobbins
jizraelevitz
mlavine
epoindexter
kbelland
ploh
kspong
jrose
jrucker
rliu
awu
jmiller
dannyb
bstrachota
mkorpusik
kterracciano
echin
jsimonovich
wandree
szinnen
nmattison
tstonge
aheine
hjaffe
ekoukina
mrush
jma
idaniher
kschults
rcherney
ntye
rschutzengel
aiyer
malvarado
