username	placename
	AC10,out,middle
	AC10,out,The O
	AC20,in,rm206
	AC20,in,rm209
	AC20,in,rm213
	AC20,in,rm218
	AC20,out,rm202
	AC20,out,rm203
	AC20,out,rm213
	AC20,out,rm219
	AC20,out,rm229
	AC25,in,north
	AC30,in,rm304
	AC30,in,rm318
	AC30,in,rm328
	AC30,out,middle
	AC30,out,rm302
	AC30,out,rm308
	AC30,out,rm309
	AC30,out,rm328
	AC30,out,rm329
	AC40,in,rm409
	AC40,out,rm417
	AC40,out,rm419
	AC40,out,rm428
	CC00,in,east_stairway
	CC00,in,game_room
	CC05,in,wooden_waterfall
	CC10,in,cookies
	CC10,in,dininghall
	CC10,in,pizza
	CC10,in,tables
	CC10,in,wooden_waterfall
	CC10,out,middle
	CC10,out,outside
	CC15,in,other_stairway
	CC20,in,other_stairway
	CC25,in,other_stairway
	CC30,in,central area
	CC30,in,central area hall
	CC30,in,central area north
	CC30,in,central area registrar
	CC30,in,central stairway
	EH10,in,antelounge
	EH10,in,lounge
	EH10,in,rm115
	EH10,in,rm120
	EH10,out,eastwing
	EH10,out,northwing
	EH20,in,antelounge
	EH20,out,eastwing
	EH20,out,westwing
	EH30,in,antelounge
	EH30,in,rm313
	EH30,in,rm315
	EH30,in,rm316
	EH30,in,rm316a
	EH30,in,rm317
	EH30,in,teamroom
	EH30,out,eastwing
	EH30,out,northwing
	EH40,in,antelounge
	EH40,in,rm406D
	EH40,in,teamroom
	EH40,out,northwing
	EH40,out,westwing
	OC00,in,auditorium
	OC00,in,north_it
	OC00,out,north_it
	OC10,in,library
	OC10,out,admissions
	OC10,out,library
	OC10,out,Main stairway between OC
	WH10,in,lounge
	WH10,out,eastwing
	WH10,out,northwing
	WH10,out,westwing
	WH20,in,lounge
	WH20,out,westwing
	WH30,in,antelounge
	WH30,in,lounge
	WH30,in,rm309
	WH30,in,rm318
	WH30,out,northwing
	WH30,out,rm309
	WH30,out,westwing
	WH40,in,antelounge
	WH40,in,lounge
	WH40,in,rm409
	WH40,in,rm410
	WH40,in,rm413
	WH40,in,rm415
	WH40,out,eastwing
	WH40,out,northwing
	WH40,out,westwing
abarry	AC10,in,rm109
abarry	AC10,in,rm113
abarry	AC20,in,rm209
abarry	AC20,in,rm218
abarry	AC20,in,rm226 SCOPE Lab
abarry	AC30,in,rm302
abarry	AC30,in,rm304
abarry	AC30,in,rm306
abarry	AC30,in,rm309
abarry	AC30,in,rm313
abarry	AC30,in,rm318
abarry	AC30,out, AC 318
abarry	AC30,out,rm309
abarry	AC40,out,End
abarry	AC40,out,rm409
abarry	CC00,in,Mail Room
abarry	CC10,in,cookies
abarry	CC10,in,dininghall
abarry	CC10,in,tables
abarry	CC20,in,Dining Hall Mezzanine
abarry	EH10,in,rm101teamrm
abarry	EH10,in,rm115
abarry	EH10,in,rm117
abarry	EH10,in,rm121
abarry	EH10,in,rm129 Lounge
abarry	EH10,in,rm129F
abarry	EH30,in,lounge
abarry	EH30,in,rm321
abarry	EH30,in,teamroom
abarry	EH30,in,WestTeamrm
abarry	EH40,in,rm421
abarry	EH40,in,rm428
abarry	OC00,in,Computer Lab
abarry	OC00,in,Library
abarry	OC10,in,library
abarry	OC20,in,Faculty Lobby
abarry	OC20,in,Mezzanine
abarry	OC20,in,rm200
abarry	OC20,out,rm227
abarry	OC30,in,Faculty Lobby
abarry	OC30,in,rm300
abarry	OC30,in,rm321
abarry	OC30,in,rm325
abarry	OC30,in,rm350
abarry	OC30,out,rm366
abarry	OC30,out,rm370
abarry	WH20,in,antelounge
abarry	WH20,in,lounge
abarry	WH20,in,north wing
abarry	WH20,in,rm202
abarry	WH30,in,antelounge
abarry	WH30,in,lounge
abarry	WH30,in,North Wing
abarry	WH30,in,rm302
abarry	WH30,in,rm309
abarry	WH30,in,rm312
abarry	WH30,in,rm326
abarry	WH30,out,rm309
abarry	WH40,in,lounge
abarry	WH40,in,rm402
abowlby	WH20,in,rm201
adyer	AC10,out,The O
adyer	AC20,in,rm209
adyer	AC40,in,rm428
adyer	EH10,in,rm128 Lounge
adyer	EH10,in,rm128A
adyer	EH30,in,rm306C
adyer	WH40,in,antelounge
Afabian	WH20,in,lounge
Afabian	WH20,in,north wing
Afabian	WH20,in,North Wing Nook
Afabian	WH20,in,rm224
agao	WH30,in,antelounge
agao	WH40,in,lounge
ajones	AC10,out,middle
ajones	AC20,in,rm204
ajones	CC20,in,rm210
ajones	EH10,in,lounge
ajones	EH10,in,rm119
akenvarg	AC30,in,rm326
akenvarg	AC40,in,rm413
akenvarg	OC00,in,auditorium
akenvarg	WH30,in,lounge
akubitza	WH10,in,lounge
akubitza	WH20,in,rm223
akubitza	WH20,in,rm225
akubitza	WH40,in,rm402
aleigh	AC10,in,rm126
aleigh	AC20,in,rm206
aleigh	EH20,in,lounge
aleigh	WH20,in,antelounge
aleigh	WH20,in,rm204
aleigh	WH20,in,rm213
aleigh	WH20,in,rm215
aleigh	WH30,in,antelounge
alevitz	AC10,in,rm109
alevitz	AC10,out,middle
alevitz	AC20,in,rm213
alevitz	AC30,in,rm306
alevitz	AC30,out,rm328
alevitz	AC40,in,rm413
alevitz	AC40,out,rm409
alevitz	AC40,out,rm417
alevitz	AC40,out,rm428
alevitz	CC10,in,tables
alevitz	OC10,in,library
alevitz	OC10,in,rm110
alevitz	WH20,in,lounge
alevitz	WH20,in,rm212
alevitz	WH20,in,rm213
alevitz	WH20,in,rm218
alevitz	WH20,out,rm215
alevitz	WH30,in,antelounge
alevitz	WH30,in,rm302
alevitz	WH30,in,rm318
alloyd	AC10,in,rm126
alloyd	AC20,in,rm209
alloyd	AC30,in,rm326
alloyd	EH10,in,121 Team
alloyd	EH40,in,rm403
alloyd	OC10,in,Auditorium
alloyd	WH20,in,antelounge
alloyd	WH20,in,lounge
alloyd	WH20,in,Nook
alloyd	WH30,in,lounge
alloyd	WH30,in,rm302
alloyd	WH40,in,lounge
alloyd	WH40,in,rm404
amartin	AC20,in,rm204
amartin	AC20,in,rm218
amartin	AC30,in,rm304
amartin	AC30,in,rm306
amartin	AC40,in,rm428
amartin	EH30,in,rm316
amartin	EH30,in,rm316c
amartin	OC10,in,library
amartin	WH30,in,rm315
aolsen	AC20,in,rm206
aolsen	AC20,in,rm209
aolsen	AC40,in,rm413
aolsen	EH10,in,rm115
aolsen	EH10,in,rm120
aolsen	WH20,in,north wing
aolsen	WH40,in,rm02
aolsen	WH40,in,rm402
aolsen	WH40,in,rm409
aolsen	WH40,in,rm423
apethan	AC20,in,rm204
apethan	AC20,in,rm213
apethan	CC10,in,tables
apethan	EH10,in,111 Kitchen
apethan	EH10,in,lounge
apethan	EH10,in,rm120
apikler	AC10,in,rm126
apikler	WH20,in,rm225
apikler	WH30,in,lounge
apradhan	AC20,in,rm218
apradhan	AC30,in,rm304
apradhan	AC30,in,rm309
apradhan	AC30,out,rm309
apradhan	EH30,in,rm313
apradhan	EH30,in,rm316
apradhan	EH30,in,rm316c
apradhan	EH30,in,rm317
apradhan	EH40,in,NorthTeamrm
apradhan	EH40,in,rm421
arash	AC20,in,rm204
arash	AC20,out,hallway
arash	AC30,in,rm328
arash	WH20,in,rm207
astocks	AC10,in,rm126
astocks	AC20,in,rm206
astocks	AC30,in,rm326
astocks	AC40,in,rm413
astocks	CC20,in,rm214
astocks	OC00,in,Computer Lab
astocks	WH20,in,antelounge
astocks	WH20,in,lounge
astocks	WH20,in,rm207
astocks	WH20,in,rm209
astocks	WH20,in,rm227
astocks	WH30,in,antelounge
astocks	WH30,in,lounge
astocks	WH30,in,rm313
astocks	WH30,in,rm314
astocks	WH30,in,rm315
aushani	AC10,in,rm109
aushani	AC10,in,rm126
aushani	AC20,in,rm208
aushani	AC30,in,rm318
aushani	AC30,in,rm326
aushani	AC30,in,rm328
aushani	AC40,in,rm409
aushani	AC40,in,rm413
aushani	CC10,in,cookies
aushani	CC10,in,tables
aushani	CC20,in,Dining Hall Mezzanine
aushani	OC00,in,rm10 (IT Helpdesk)
aushani	WH10,in,Kitchen
aushani	WH10,in,lounge
aushani	WH20,in,antelounge
aushani	WH20,in,lounge
aushani	WH20,in,Nook
aushani	WH20,in,north wing
aushani	WH20,in,North Wing Nook
aushani	WH20,in,rm207
aushani	WH20,out,North Wing Nook
aushani	WH30,in,antelounge
aushani	WH30,in,rm302
aushani	WH30,in,rm309
aushani	WH30,in,rm323
aushani	WH30,in,rm325
auttamchandani	AC20,in,Gill\\'s Lab
auttamchandani	AC20,in,rm209
auttamchandani	AC20,in,rm218
auttamchandani	AC30,in,rm304
auttamchandani	CC10,in,computer bar
auttamchandani	CC10,in,dininghall
auttamchandani	WH30,in,antelounge
auttamchandani	WH30,in,lounge
auttamchandani	WH30,in,rm324
avinash	CC10,in,cookies
avinash	WH30,in,lounge
aweis	AC30,in,rm304
aweis	EH20,in,rm206 Lounge
aweis	EH30,in,rm301
aweis	OC00,in,auditorium
awu	AC10,in,rm109
awu	AC10,in,rm126
awu	AC20,in,rm213
awu	AC20,in,rm226 SCOPE Lab
awu	AC30,in,rm306
awu	AC30,in,rm309
awu	AC30,in,rm328
awu	EH40,in,rm418
awu	OC00,in,auditorium
awu	WH30,in,antelounge
awu	WH40,in,lounge
awu	WH40,in,rm412
awu	WH40,in,rm418
awu	WH40,out,westwing
b	EH40,in,rm428
b	WH10,out,westwing
bcharles	AC10,in,rm128
bcharles	AC30,in,rm318
bcharles	AC30,in,rm328
bcharles	AC30,out,rm309
bcharles	AC40,in,rm407(Joanne\\'soffice)
bcharles	EH10,out,Outside EH front doors.
bcharles	EH40,in,rm406B
bcharles	EH40,in,rm406D
bcharles	EH40,in,rm406F
bcharles	EH40,in,rm422
bcharles	OC00,in,auditorium
bdieseldorff	AC10,in,rm113
bdieseldorff	AC30,in,rm304
bdieseldorff	AC30,in,rm318
bdieseldorff	AC30,in,rm328
bdieseldorff	EH10,in,121 Team
bdieseldorff	EH10,in,lounge
bdieseldorff	EH20,in,rm206 Lounge
bdieseldorff	EH20,in,rm206F
bdieseldorff	EH20,in,rm228A
bdieseldorff	EH30,in,306 lounge
bdieseldorff	EH30,in,lounge
bdieseldorff	EH30,in,rm301
bdieseldorff	EH30,in,rm303
bdieseldorff	EH30,in,rm307
bdieseldorff	OC30,in,rm332
bdieseldorff	WH10,in,lounge
bdieseldorff	WH10,in,rm118
bdieseldorff	WH30,in,lounge
bfisher	AC20,in,rm204
bfisher	AC20,in,rm206
bfisher	AC20,in,rm213
bfisher	AC40,in,rm413
bfisher	AC40,out,End
bfisher	WH30,in,rm309
bfisher	WH30,in,rm312
bfisher	WH40,in,antelounge
bradleypowers	AC30,in,rm309
bradleypowers	AC30,in,rm328
bradleypowers	EH10,in,lounge
bradleypowers	EH10,in,rm101teamrm
bradleypowers	EH10,in,rm115
bradleypowers	EH10,in,rm117
bradpowers	AC30,in,rm328
bradpowers	EH10,in,rm115
bsmall	AC20,in,rm206
bsmall	AC30,in,rm328
bsmall	CC10,in,computer bar
bsmall	CC10,in,tables
bsmall	EH10,in,121 Team
bsmall	EH20,in,221teamrm
bsmall	OC30,in,Faculty Lobby
bsmall	WH10,in,North Nook
bsmall	WH40,in,rm429
btaratutin	OC10,in,library
btaratutin	WH20,in,lounge
btaratutin	WH30,in,rm302
btaratutin	WH30,in,rm303
cfitzhugh	AC10,in,rm109
cfitzhugh	AC10,in,rm126
cfitzhugh	AC20,in,rm206
cfitzhugh	AC20,in,rm209
cfitzhugh	AC20,in,rm213
cfitzhugh	CC10,in,cookies
cfitzhugh	CC10,in,dininghall
cfitzhugh	WH10,in,lounge
cfitzhugh	WH20,in,antelounge
cfitzhugh	WH20,in,lounge
cfitzhugh	WH20,in,Nook
cfitzhugh	WH30,in,antelounge
cfitzhugh	WH30,in,lounge
cfitzhugh	WH30,in,rm327
cfitzhugh	WH30,out,northwing
chicks	WH30,in,rm327
Chris Marra	AC10,in,rm126
Chris Marra	AC20,in,rm213
Chris Marra	OC10,in,library
cmarra	AC20,in,rm204
cmarra	AC20,in,rm218
cmarra	WH20,in,antelounge
cmarra	WH20,in,lounge
cmarra	WH20,in,Nook
cmarra	WH20,in,rm201
cmarra	WH20,in,rm224
cmarra	WH30,in,rm313
cmcleod	AC20,in,rm218
cmcleod	AC30,in,rm309
cmcleod	AC30,in,rm326
cmcleod	AC40,in,rm404
cmcleod	AC40,in,rm413
cmcleod	AC40,out,rm409
cmcleod	EH40,in,rm405
cmcleod	OC00,in,Library
cmcleod	WH30,in,rm309
cmcleod	WH30,in,rm313
cmcleod	WH30,in,rm315
cnguyen	AC20,in,rm209
cnguyen	AC20,in,rm213
cnguyen	AC40,in,rm417
cnguyen	EH10,in,rm115
cnguyen	EH30,in,teamroom
cnguyen	WH40,in,rm407
coffenbacher	AC20,in,rm204
coffenbacher	WH20,in,lounge
coffenbacher	WH20,in,rm210
coffenbacher	WH30,in,rm318
coffenbacher	WH40,in,antelounge
coffenbacher	WH40,in,rm402
coffenbacher	WH40,in,rm404
coffenbacher	WH50,in,rm510
coffenbacher	WH50,in,rm512
crouleau	AC10,in,rm109
crouleau	AC10,in,rm126
crouleau	AC30,in,rm304
crouleau	AC30,in,rm306
crouleau	AC30,in,rm314 (printer)
crouleau	AC30,in,rm328
crouleau	AC40,in,rm413
crouleau	CC10,in,tables
crouleau	EH10,in,121 Team
crouleau	EH10,in,rm101teamrm
crouleau	EH20,in,rm206 Lounge
crouleau	EH30,in,lounge
crouleau	EH30,in,rm307
crouleau	EH30,in,rm3WestTeam
crouleau	WH10,in,lounge
crouleau	WH20,in,antelounge
crouleau	WH20,in,lounge
crouleau	WH20,in,north wing
crouleau	WH20,in,North Wing Nook
crouleau	WH20,in,rm229
crouleau	WH20,out,North Wing Nook
crouleau	WH30,in,antelounge
crouleau	WH30,in,lounge
crouleau	WH30,in,rm309
crouleau	WH40,in,antelounge
cstokes	AC10,in,rm113
cstokes	AC10,in,rm126
cstokes	AC10,out,middle
cstokes	AC10,out,Outside of AC 1st floor North
cstokes	AC10,out,The O
cstokes	AC20,in,rm206
cstokes	AC20,in,rm209
cstokes	AC20,in,rm213
cstokes	CC10,out,The O
cstokes	CC20,in,Cresecentrm
cstokes	OC00,in,auditorium
cstokes	OC00,in,Library
cstokes	OC10,in,Auditorium
cstokes	OC10,in,library
cstokes	WH20,in,lounge
cstokes	WH20,in,Nook
cstokes	WH30,in,antelounge
cstokes	WH30,in,lounge
cstokes	WH30,in,rm303
cstokes	WH30,in,rm307
cstokes	WH30,in,West Wing Windowseat
cstokes	WH40,in,lounge
ctappan	AC10,in,rm126
ctappan	AC30,in,rm306
ctappan	WH20,in,rm214
ctappan	WH40,in,rm405
cwang	AC10,in,rm109
cwang	AC10,in,rm126
cwang	AC30,in,rm318
cwang	AC30,in,rm328
cwang	WH20,in,north wing
cwang	WH20,in,rm204
cwang	WH30,in,rm310
czwiebel	OC00,in,Library
czwiebel	WH30,in,lounge
czwiebel	WH40,in,rm411
dbathgate	AC10,in,rm109
dbathgate	AC10,out,middle
dbathgate	AC10,out,The O
dbathgate	AC20,in,rm206
dbathgate	AC20,out,rm213
dbathgate	OC00,in,auditorium
dbathgate	OC00,in,Library
dbathgate	OC10,in,library
dbathgate	WH20,in,lounge
dbathgate	WH30,in,lounge
dbathgate	WH40,in,rm403
dcody	AC30,in,rm302
dcody	AC30,in,rm304
dcody	AC30,in,rm318
dcody	AC40,in,rm417
dcody	AC40,out,rm407
dcody	EH10,in,121 Team
dcody	EH10,in,rm101teamrm
dcody	EH20,in,rm206 Lounge
dcody	EH20,in,rm206F
dcody	EH30,in,rm303
dcody	OC30,in,rm332
dcody	OC30,in,rm335
ddougherty	AC10,in,rm126
ddougherty	AC20,in,rm213
ddougherty	AC20,in,rm228
ddougherty	AC30,in,rm304
ddougherty	AC30,in,rm306
ddougherty	AC30,in,rm326
ddougherty	AC30,in,rm328
ddougherty	AC30,out,rm302
ddougherty	AC30,out,rm309
ddougherty	AC40,in,rm413
ddougherty	AC40,in,rm417
ddougherty	AC40,out,rm419
ddougherty	AC40,out,rm428
ddougherty	CC10,in,dininghall
ddougherty	CC10,in,tables
ddougherty	EH10,in,111 Kitchen
ddougherty	EH10,in,lounge
ddougherty	EH30,in,rm317
ddougherty	EH40,in,rm401Teamrm
ddougherty	EH40,in,rm416
ddougherty	EH40,in,rm416E
ddougherty	EH40,in,rm416F
ddougherty	EH40,in,rm417
ddougherty	OC00,in,auditorium
ddougherty	OC00,in,Library
ddougherty	OC10,in,library
ddougherty	WH20,in,rm209
ddougherty	WH20,in,rm213
ddougherty	WH30,in,antelounge
ddougherty	WH40,in,rm414
ddougherty	WH40,in,rm415
ddougherty	WH40,out,eastwing
dgebhart	AC10,in,rm113
dgebhart	AC20,in,rm213
dgebhart	AC30,in,rm326
dgebhart	AC40,in,rm413
dgebhart	AC40,out,rm409
dgebhart	EH10,in,rm120
dgebhart	EH30,in,rm301
dgrieneisen	AC10,in,rm102
dgrieneisen	AC30,in,rm309
dgrieneisen	AC30,in,rm326
dgrieneisen	AC40,in,rm417
dgrieneisen	EH40,in,rm415
dgrieneisen	OC00,in,rm10 (IT Helpdesk)
dgrieneisen	OC10,in,library
dgrieneisen	WH20,in,Nook
dgrieneisen	WH20,in,rm202
dgrieneisen	WH20,in,rm209
dgrieneisen	WH20,in,rm212
dnelson	EH30,in,rm306G
dsotingco	AC20,in,rm206
dsotingco	AC20,in,rm213
dsotingco	WH40,in,antelounge
dsotingco	WH40,in,rm403
ebyun	AC10,in,rm126
ebyun	AC20,in,rm213
ebyun	AC20,in,rm218
ebyun	AC30,in,rm328
ebyun	WH20,in,north wing
ebyun	WH20,in,rm225
ebyun	WH30,in,antelounge
ebyun	WH30,in,Lounge
ebyun	WH30,in,rm320
echisa	AC20,in,rm209
echisa	AC20,in,rm213
echisa	AC30,in,rm304
echisa	CC10,in,cookies
echisa	CC10,in,dininghall
echisa	CC10,out,middle
echisa	CC20,in,Dining Hall Mezzanine
echisa	EH10,in,rm115
echisa	EH10,in,rm120
echisa	EH30,in,teamroom
echisa	EH40,in,rm405
echisa	OC20,in,rm273
echisa	WH10,in,Kitchen
echisa	WH40,in,lounge
echisa	WH40,in,rm423
ekoukina	AC10,in,rm126
ekoukina	AC20,in,rm204
ekoukina	OC00,in,Computer Lab
ekoukina	OC00,in,Library
ekoukina	OC10,in,library
ekoukina	WH10,in,lounge
ekoukina	WH20,in,antelounge
ekoukina	WH20,in,lounge
ekoukina	WH20,in,rm202
ekoukina	WH20,in,rm207
ekoukina	WH30,in,lounge
emorikawa	AC20,in,rm209
emorikawa	AC20,in,rm213
emorikawa	AC30,in,rm309
emorikawa	AC30,out,rm309
emorikawa	EH10,in,rm115
emorikawa	OC00,in,Computer Lab
emorikawa	WH40,in,rm423
eoleynikova	AC30,in,rm306
eoleynikova	AC30,in,rm318
eoleynikova	AC30,in,rm328
eoleynikova	CC10,in,cookies
eoleynikova	CC10,in,dininghall
eoleynikova	CC30,in,rm310
eoleynikova	EH40,in,Lounge
eoleynikova	EH40,in,rm420
eoleynikova	OC00,in,rm10 (IT Helpdesk)
eoleynikova	WH30,in,antelounge
eoleynikova	WH30,in,lounge
eoleynikova	WH30,in,rm301
eoleynikova	WH30,in,rm302
eoleynikova	WH30,in,rm309
eoleynikova	WH30,out,rm309
eoleynikova	WH40,in,lounge
eoleynikova	WH40,in,rm418
eoleynikova	WH40,in,rm431
eschumacher	AC20,in,rm213
eschumacher	AC30,in,rm328
eschumacher	CC10,in,pizza
eschumacher	EH20,in,221teamrm
eschumacher	EH40,in,Lounge
eschumacher	EH40,in,rm406A
eschumacher	EH40,in,rm406D
eschumacher	EH40,in,rm406F
esheldon	AC10,in,rm126
esheldon	AC10,out,Outside Machine Shop
esheldon	AC20,in,rm213
esheldon	AC30,in,rm326
esheldon	AC30,in,rm328
esheldon	CC10,in,cookies
esheldon	OC00,in,auditorium_stage
esheldon	WH20,in,rm225
esheldon	WH30,in,lounge
esheldon	WH40,in,rm402
esheldon	WH40,in,rm431
eswartz	AC20,in,rm204
ESwartz	AC20,in,rm213
eswartz	OC10,in,library
eswartz	WH20,in,antelounge
eswartz	WH20,in,rm201
eswartz	WH20,in,rm202
eswartz	WH20,in,rm204
etowers	CC10,in,cookies
etowers	CC10,in,dininghall
etowers	WH20,in,rm227
etowns	WH40,in,rm401
fbalestra	AC20,in,rm206
fbalestra	AC20,in,rm213
gboggs	AC20,in,rm213
gboggs	EH20,in,rm206 Lounge
gdavidoff	AC10,in,rm128
gdavidoff	CC10,in,tables
gdavidoff	WH30,in,lounge
gdavidoff	WH30,in,rm325
gdavidoff	WH40,in,lounge
gmarra	AC20,in,rm204
gmarra	AC20,in,rm209
gmarra	AC20,in,rm213
gmarra	AC30,in,rm302
gmarra	AC40,in,rm409
gmarra	AC40,in,rm413
gmarra	CC10,in,tables
gmarra	EH10,in,rm115
gmarra	EH40,in,rm420
gmarra	OC30,in,rm335
gmarra	WH10,in,lounge
gmarra	WH30,in,rm309
gmarra	WH30,in,rm312
gmarra	WH30,out,rm309
gmarra	WH40,in,rm423
gou	AC20,in,rm206
gou	WH30,in,lounge
greg	AC10,in,rm109
greg	AC30,in,rm318
greg	EH10,in,rm101teamrm
greg	EH10,in,rm117
greg	EH20,in,rm201team
gthomas	AC20,in,rm206
gthomas	AC20,in,rm209
gthomas	AC20,in,rm213
gthomas	CC05,in,wooden_waterfall
gthomas	OC00,in,Library
gthomas	OC10,in,library
gthomas	WH20,in,lounge
gthomas	WH20,in,rm206
gthomas	WH20,in,rm223
hjaffe	AC20,in,rm218
hjaffe	CC05,in,wooden_waterfall
hjaffe	EH40,in,rm406F
hjaffe	WH20,in,antelounge
hjaffe	WH20,in,lounge
hjaffe	WH20,in,Nook
hjaffe	WH30,in,lounge
hjaffe	WH40,in,lounge
ishafer	AC20,in,rm204
ishafer	AC20,in,rm213
Ishafer	AC30,in,rm304
ishafer	AC40,in,rm417
ishafer	WH10,in,lounge
ishafer	WH40,in,antelounge
ishafer	WH40,in,lounge
ishafer	WH40,in,rm413
itcltadm	OC00,in,rm10 (IT Helpdesk)
jadudm	AC10,out,The O
jadudm	AC30,in,rm304
jadudm	OC00,in,Library
james	WH40,in,rm420
jatkinson	WH20,in,lounge
jatkinson	WH20,in,rm206
jbauer	WH20,in,antelounge
jbauer	WH20,in,rm14
jbauer	WH20,in,rm214
jbauer	WH20,in,rm230
jcross	AC10,out,Machine Shop
jcross	AC10,out,Outside Machine Shop
jcross	AC20,in,rm206
jcross	AC20,in,rm209
jcross	AC30,out,rm325
jcross	AC40,in,rm409
jcross	AC40,in,rm413
jcross	CC10,in,tables
jcross	CC30,in,rm310
jcross	EH10,out,GreatLawn 
jcross	EH30,in,rm329 suite lounge
jcross	EH30,in,rm329B
jcross	EH30,in,teamroom
jcross	OC00,in,Computer Lab
jcross	OC10,in,library
jcross	WH30,in,rm307
jcross	WH40,in,lounge
jcross	WH40,in,rm423
jcross	WH40,in,rm425
jcross	WH40,in,rm427
jcurtis	AC20,in,rm206
jcurtis	AC40,out,rm407
jcurtis	CC10,in,tables
jcurtis	CC20,in,Dining Hall Mezzanine
jcurtis	OC00,out,north_it
jcurtis	WH20,in,lounge
jcurtis	WH30,in,antelounge
jcurtis	WH30,in,rm303
jcurtis	WH30,in,rm306
jcurtis	WH30,out,westwing
jessimurray	WH30,in,rm309
jgorasia	AC20,in,rm218
jgorasia	AC30,in,rm328
jgorasia	OC20,in,Mezzanine
jgorasia	WH20,in,north wing
jharley	AC10,in,rm113
jharley	AC10,in,rm126
jharley	AC20,in,rm213
jharley	AC20,in,rm218
jharley	AC30,in,rm306
jharley	AC30,in,rm318
jharley	AC30,in,rm326
jharley	AC30,in,rm328
jharley	AC40,in,rm406
jharley	AC40,in,rm409
jharley	AC40,in,rm428
jharley	CC20,in,Dining Hall Mezzanine
jharley	EH30,in,lounge
jharley	EH40,in,rm413
jharley	EH40,in,rm415
jharley	OC00,in,auditorium
jharley	OC00,in,Library Workroom
jharley	OC10,in,library
jharley	WH10,in,lounge
jharley	WH20,in,lounge
jharley	WH20,in,Nook
jharley	WH30,in,antelounge
jharley	WH30,in,lounge
jharley	WH30,in,rm302
jharley	WH30,in,rm312
jharley	WH40,in,antelounge
jharley	WH40,in,lounge
jharley	WH40,in,rm406
jherman	AC10,in,rm126
jherman	AC20,in,rm213
jherman	AC30,in,rm306
jherman	AC30,in,rm326
jherman	AC30,in,rm328
jherman	AC40,in,rm413
jherman	AC40,in,rm417
jherman	OC00,in,auditorium
jherman	OC00,in,auditorium_stage
jherman	OC00,in,Computer Lab
jherman	OC10,in,library
jherman	WH30,in,antelounge
jherman	WH30,in,rm312
jherman	WH40,in,lounge
jherman	WH40,in,rm411
jherman	WH40,in,rm414
jherman	WH40,in,rm415
jherman	WH40,out,eastwing
jhiggins	AC30,in,rm328
jhiggins	OC00,in,auditorium_stage
jhiggins	WH30,in,lounge
jhiggins	WH30,in,rm314
jholler	AC30,in,rm309
jholler	EH30,in,rm303
jholler	EH30,in,rm306C
jhwang	CC20,in,Dining Hall Mezzanine
jhwang	WH20,in,rm230
jinman	AC20,in,rm209
jinman	AC20,in,rm213
jinman	AC40,in,rm417
jinman	AC40,out,rm406
jinman	WH30,in,lounge
jinman	WH40,in,antelounge
jinman	WH40,in,rm410
jinman	WH40,in,rm410 (The Zebra Lounge)
jinman	WH40,out,Antelounge
jizraelevitz	AC20,in,rm218
jizraelevitz	WH20,in,Nook
jizraelevitz	WH20,in,rm206
jizraelevitz	WH30,in,lounge
jkeene	AC10,in,rm109
jkeene	AC20,in,rm218
jlin	AC10,in,rm113
jlin	CC10,in,tables
jlin	EH20,in,rm219
jlin	OC00,in,Library
jlin	OC10,in,library
jmccandless	WH20,in,lounge
jmccandless	WH20,in,rm209
jmeyer	AC10,in,rm126
jmeyer	CC10,out,middle
jmeyer	OC10,in,library
jmeyer	WH10,out,Sukkah
jmeyer	WH30,in,lounge
jmeyer	WH30,in,northwing nook
jmeyer	WH30,in,rm312
jmiller	AC10,in,rm126
jmiller	AC20,in,rm228
jmiller	AC30,in,rm328
jmiller	EH30,in,rm306B
jmiller	EH30,in,rm306E
jmiller	EH30,in,WestTeamrm
jmiller	OC10,in,library
jmiller	WH20,in,rm202
jmiller	WH30,in,antelounge
jmiller	WH30,in,lounge
jmiller	WH30,in,northwing nook
jmiller	WH30,in,rm312
jmiller	WH30,in,rm329
jmiller	WH30,out,northwing
jmiller	WH40,in,antelounge
jmiller	WH40,in,lounge
jmiller	WH40,in,northwing stairwell
jmoore1	AC20,in,rm209
jmoore1	AC20,in,rm213
jmoore1	AC30,in,rm328
jmoore1	CC10,in,computer bar
jmoore1	CC20,in,Board Room
jmoore1	CC20,in,rm210
jmoore1	EH10,in,rm115
jmoore1	EH10,in,rm117
jmoore1	OC00,in,Library
jmoore1	OC10,in,library
jmoore1	WH10,in,North Nook
jmoore1	WH10,out,rm124
jmoore1	WH20,in,rm212
jmoore1	WH30,in,antelounge
jmurray	EH20,in,rm206 Lounge
jmurray	EH20,in,rm206C
jmurray	EH20,in,rm207
jmurray	EH40,in,rm429 Suite
jregulinski	AC10,in,rm126
jregulinski	AC10,out,The O
jregulinski	AC20,in,rm209
jregulinski	OC00,in,Library
jregulinski	OC10,in,library
jregulinski	WH30,in,rm306
jrosenwinkel	WH30,in,antelounge
jrosenwinkel	WH30,in,lounge
jrucker	AC20,in,rm209
jrucker	AC30,out,AC302
jrucker	WH20,in,antelounge
jrucker	WH20,in,rm205
jrucker	WH20,in,rm207
jrucker	WH40,in,lounge
jsanten	WH20,in,rm213
jsanten	WH20,in,rm215
jsanten	WH30,in,lounge
jsantos	AC20,in,rm213
jsantos	AC20,out,rm213
jsantos	AC30,in,rm309
jsantos	AC40,out,rm428
jsantos	EH10,in,121 Team
jsantos	EH20,in,221teamrm
jsantos	EH20,in,rm201team
jsantos	EH20,in,rm206 Lounge
jsantos	EH20,in,rm206G
jsantos	EH20,in,rm228 lounge
jsantos	EH20,in,rm228F
jsantos	WH10,in,rm107
jsimonovich	AC10,in,rm102
jsimonovich	AC10,in,rm126
jsimonovich	AC20,in,rm204
jsimonovich	AC20,in,rm218
jsimonovich	AC30,in,rm318
jsimonovich	AC30,in,rm326
jsimonovich	AC40,in,rm417
jsimonovich	AC40,out,rm407
jsimonovich	CC10,in,dininghall
jsimonovich	OC00,in,auditorium
jsimonovich	OC00,in,Computer Lab
jsimonovich	OC00,in,Library
jsimonovich	OC10,in,library
jsimonovich	WH10,in,lounge
jsimonovich	WH20,in,antelounge
jsimonovich	WH20,in,lounge
jsimonovich	WH20,in,Nook
jsimonovich	WH20,in,north wing
jsimonovich	WH20,in,North Wing Nook
jsimonovich	WH20,in,rm202
jsimonovich	WH20,in,rm203
jsimonovich	WH20,in,rm212
jsimonovich	WH20,in,rm227
jsimonovich	WH20,in,rm229
jsimonovich	WH20,in,rm230
jsimonovich	WH30,in,antelounge
jsimonovich	WH30,in,lounge
jsimonovich	WH30,in,rm313
jsimonovich	WH30,in,rm331
jsimonovich	WH40,in,lounge
jsimonovich	WH40,in,rm413
jstanton	CC10,in,cookies
jstanton	CC20,in,Dining Hall Mezzanine
jstanton	WH10,in,lounge
jstanton	WH10,in,North Nook
jstanton	WH30,in,rm305
jstanton	WH40,in,rm414
jstanton	WH40,in,rm415
jswitzer	EH10,in,rm126B
jswitzer	EH10,in,rm129F
jwest	AC40,in,rm413
jwest	OC00,in,Computer Lab
jwest	WH10,in,lounge
jwest	WH20,in,antelounge
jwest	WH20,in,Nook
jwest	WH20,in,rm210
jwest	WH20,in,rm212
jwest	WH30,in,antelounge
jwest	WH30,in,northwing nook
jwest	WH30,in,rm324
jwhong	EH30,in,rm306E
jzapanta	OC00,in,rm10 (IT Helpdesk)
kadamec	AC10,in,rm128
kadamec	AC30,in,rm318
kadamec	AC40,in,rm417
kadamec	AC40,out,rm419
kadamec	EH10,in,121 Team
kadamec	EH10,in,lounge
kadamec	EH30,in,rm306F
kadamec	EH40,in,Lounge
kadamec	EH40,in,rm416
kadamec	EH40,in,rm421
kadamec	OC00,in,Computer Lab
kdramstad	AC20,in,rm206
kdramstad	AC20,in,rm209
kdramstad	AC20,out,rm213
kdramstad	AC40,in,rm417
kdramstad	CC30,in,central area hall
kdramstad	OC10,in,library
kdramstad	WH20,in,antelounge
kdramstad	WH20,in,lounge
kdramstad	WH20,in,rm212
kdramstad	WH40,in,lounge
kelliott	AC10,in,rm113
kelliott	AC20,in,rm204
kelliott	AC20,in,rm213
kelliott	AC30,in,rm306
kelliott	AC30,in,rm308
kelliott	AC30,in,rm309
kelliott	AC30,out,rm309
kelliott	AC40,in,rm409
kelliott	AC40,out,End
kelliott	AC40,out,rm417
kelliott	EH10,in,rm129 Lounge
kelliott	EH10,in,rm129E
kelliott	EH10,in,rm129F
kelliott	EH20,in,221teamrm
kelliott	OC00,in,Library
kelliott	OC10,in,rm110
kelliott	WH30,in,antelounge
kelliott	WH30,in,rm309
kelliott	WH30,in,rm312
kelliott	WH40,in,rm423
kelliott	WH40,in,rm425
kevinbretney	CC10,in,tables
kevinbretney	EH30,in,rm316
kgonzalez	OC10,in,library
khicks	AC10,in,rm126
khicks	AC20,in,rm206
khicks	AC20,in,rm209
khicks	WH20,in,lounge
khicks	WH30,in,antelounge
khicks	WH30,in,lounge
khicks	WH30,in,rm327
khicks	WH40,in,lounge
khicks	WH40,in,rm402
kmiller	AC20,in,rm209
kmiller	AC30,in,rm304
kmiller	CC10,in,dininghall
kmiller	CC10,in,tables
kmiller	OC10,in,library
kmiller	OC30,in,rm325
kmiller	WH40,in,antelounge
kmiller	WH40,in,rm425
kmiller	WH40,in,rm427
kmiller	WH40,in,rm429
kmurphy	AC10,in,rm109
kmurphy	AC30,in,rm309
kmurphy	WH10,in,rm105
komanakuttan	AC20,in,rm218
komanakuttan	AC40,in,rm413
kporta	EH40,in,rm416
kporta	EH40,in,rm417
kporta	OC10,in,library
kporta	WH10,in,lounge
kporta	WH40,in,rm414
kschults	AC10,in,rm102
kschults	AC10,in,rm109
kschults	AC10,in,rm126
kschults	AC20,in,rm206
kschults	AC30,in,rm318
kschults	AC30,in,rm328
kschults	OC00,in,auditorium
kschults	WH30,in,lounge
kschults	WH30,in,rm302
kschults	WH30,in,rm306
kschults	WH30,in,rm325
kschults	WH30,in,rm329
kschults	WH30,in,rm330
kschults	WH30,in,rm331
kschults	WH30,out,northwing
kschults	WH40,in,lounge
ksihlanick	AC10,in,rm126
ksihlanick	AC10,in,rm128
ksihlanick	AC30,in,rm304
ksihlanick	AC30,in,rm309
ksihlanick	AC30,in,rm328
ksihlanick	AC30,out,rm309
ksihlanick	CC10,in,computer bar
ksihlanick	CC10,in,dininghall
ksihlanick	CC10,in,tables
ksihlanick	EH20,in,221teamrm
ksihlanick	EH30,in,rm301
ksihlanick	EH30,in,rm328
ksihlanick	EH30,in,rm329A
ksihlanick	EH30,in,rm329E
ksihlanick	OC00,in,auditorium
ksihlanick	WH10,in,rm105
ksimon	AC20,in,rm204
ksimon	WH20,in,antelounge
ksimon	WH20,in,lounge
ksimon	WH20,in,rm213
ksimon	WH20,in,rm215
kspong	EH20,in,rm206 Lounge
kstadtmueller	AC10,in,rm126
kstadtmueller	AC30,in,rm328
kstadtmueller	AC30,out, AC 318
kstadtmueller	AC40,in,rm413
kstadtmueller	EH40,in,rm415
kstadtmueller	WH20,in,antelounge
kstadtmueller	WH20,in,rm201
kstadtmueller	WH30,in,lounge
kstadtmueller	WH30,in,rm303
kterracciano	AC30,in,rm306
kterracciano	AC30,in,rm328
kterracciano	WH20,in,rm218
kterracciano	WH20,in,rm226
kterracciano	WH30,in,lounge
kterracciano	WH40,in,antelounge
kterracciano	WH40,in,rm423
ktowers	AC30,in,rm304
ktowers	EH40,in,rm416
ldethrow	AC20,in,rm206
ldethrow	WH30,in,rm309
ldethrow	WH30,in,rm312
ldunne	AC10,in,rm109
ldunne	AC10,in,rm113
ldunne	AC20,in,rm209
ldunne	OC00,in,auditorium
ldunne	OC30,in,rm325
lgerhat	AC20,in,rm206
lgerhat	AC20,in,rm218
lgerhat	AC30,in,rm304
lgerhat	AC30,in,rm328
lgerhat	AC40,in,rm413
lgerhat	CC00,in,Mail Room
lgerhat	CC10,in,computer bar
lgerhat	CC10,in,tables
lgerhat	EH10,out,GreatLawn 
lgerhat	EH30,in,lounge
lgerhat	EH30,in,rm317
lgerhat	EH30,in,teamroom
lgerhat	EH30,in,WestTeamrm
lgerhat	EH40,in,rm401Teamrm
lgerhat	EH40,in,rm409
lgerhat	EH40,in,teamroom
lgerhat	OC00,in,auditorium
lgerhat	OC00,in,Computer Lab
lgerhat	OC00,in,Library
lgerhat	OC00,in,rm10 (IT Helpdesk)
lgerhat	OC10,in,library
lglanville	AC30,in,rm309
lglanville	AC30,out,rm309
lglanville	EH40,in,rm420
lglanville	OC00,in,Computer Lab
ljentoft	AC20,in,rm228
ljentoft	AC30,in,rm302
ljentoft	AC30,in,rm309
ljentoft	AC30,in,rm328
ljentoft	CC10,in,tables
ljentoft	CC20,in,Dining Hall Mezzanine
ljentoft	EH20,in,221teamrm
ljentoft	EH30,in,lounge
ljentoft	EH30,in,rm321
ljentoft	EH40,in,rm416
ljentoft	OC00,in,auditorium
ljentoft	OC10,in,library
ljentoft	WH40,in,rm414
ljentoft	WH40,in,rm415
lkaye	AC10,in,rm126
lkaye	AC20,in,rm218
lkaye	AC30,in,rm326
lkaye	AC30,in,rm328
lkaye	EH10,in,rm122
lkaye	WH20,in,Antelounge
lkaye	WH20,in,Nook
lkaye	WH30,in,lounge
lkaye	WH30,in,rm302
lkaye	WH30,in,rm330
lmendelson	AC10,in,rm102
lmendelson	AC10,in,rm109
lmendelson	AC10,in,rm126
lmendelson	AC10,out,middle
lmendelson	AC20,in,rm218
lmendelson	AC30,in,rm326
lmendelson	AC30,in,rm328
lmendelson	AC30,out, AC 318
lmendelson	AC40,in,rm413
lmendelson	OC00,in,auditorium
lmendelson	WH10,in,North Nook
lmendelson	WH20,in,Nook
lmendelson	WH30,in,antelounge
lmendelson	WH30,in,lounge
lmendelson	WH30,in,rm302
lmendelson	WH40,in,antelounge
lmendelson	WH40,in,rm401
lmendelson	WH40,in,rm414
lreed	WH30,in,rm304
lweis	AC10,in,rm109
lweis	AC10,in,rm113
lweis	AC10,in,rm126
lweis	AC30,in,rm318
lweis	AC30,in,rm326
lweis	AC30,in,rm328
lweis	AC40,in,rm417
lweis	EH10,in,111 Kitchen
lweis	EH10,in,rm120
lweis	EH20,in,rm206 Lounge
lweis	EH30,in,lounge
lweis	EH30,in,rm317
lweis	EH40,in,rm429F
lweis	OC00,in,auditorium
lweis	WH20,in,rm212
lweis	WH20,in,rm213
lweis	WH20,in,rm215
malvarado	AC20,in,rm209
malvarado	WH20,in,rm230
malvarado	WH30,in,lounge
malvarado	WH30,in,rm314
mbejar	OC00,in,auditorium
mbejar	WH10,in,lounge
mbejar	WH20,in,rm228
mbejar	WH20,in,rm229
mbejar	WH20,in,rm28
mbittner	EH40,in,rm4N Suite Lounge
mboes	AC20,in,rm209
mboes	EH10,in,lounge
mboes	EH20,in,rm207
mboes	EH20,in,rm209
mboes	OC10,in,library
mboutelle	AC30,in,rm304
mboutelle	AC30,in,rm309
mboutelle	EH10,in,111 Kitchen
mboutelle	EH10,in,rm111
mboutelle	EH30,in,rm303
mboutelle	EH30,in,rm321
mboutelle	EH40,in,rm421
mchang	AC30,in,rm304
mchang	AC30,in,rm306
mchang	AC30,in,rm309
mchang	AC30,in,rm326
mchang	EH10,in,lounge
mchang	EH10,in,rm116 (Living Room)
mchang	EH10,in,rm117
mchang	OC30,in,rm357
mchang	OC30,in,rm373
mchang	WH10,in,rm105
mcrawford	AC10,in,rm126
mcrawford	AC10,in,rm128
mcrawford	AC20,in,rm212
mcrawford	AC20,in,rm218
mcrawford	AC30,in,rm304
mcrawford	AC30,out, AC 318
mcrawford	AC30,out,AC302
mcrawford	AC30,out,rm302
mcrawford	AC40,in,rm417
mcrawford	AC40,out,rm409
mcrawford	CC20,in,Cresecentrm
mcrawford	CC20,in,Dining Hall Mezzanine
mcrawford	CC20,in,rm210
mcrawford	CC20,in,rm214
mcrawford	EH10,in,121 Team
mcrawford	EH10,in,lounge
mcrawford	EH30,in,lounge
mcrawford	EH30,in,rm301
mcrawford	EH30,in,rm316
mcrawford	EH30,in,rm329B
mcrawford	EH40,in,rm409
mcrawford	EH40,in,rm428B
mcrawford	OC00,in,Computer Lab
mcrawford	OC00,in,north_it
mcrawford	OC10,in,library
mcrawford	OC20,in,rm273
mcrawford	OC30,in,rm335
mcrawford	WH40,in,rm425
melsenbeck	AC30,in,rm328
melsenbeck	EH40,in,rm4N Suite Lounge
melsenbeck	OC10,in,library
melsenbeck	WH20,in,rm231
melsenbeck	WH20,in,rm31
melsenbeck	WH30,in,antelounge
melsenbeck	WH30,in,rm312
melsenbeck	WH40,in,rm402
melsenbeck	WH40,in,rm429
mhuang	AC10,in,rm126
mhuang	WH40,in,antelounge
mhuang	WH40,in,lounge
mhuang	WH40,in,rm411
miradu	AC20,in,rm213
miradu	AC30,in,rm326
miradu	CC10,in,computer bar
miradu	CC10,in,cookies
miradu	CC20,in,Cresecentrm
miradu	EH10,in,rm106 Suite Lounge
miradu	EH10,in,rm106A
miradu	EH20,in,rm206 Lounge
miradu	OC00,in,auditorium_stage
mlavine	AC10,in,rm126
mlavine	WH30,in,rm314
mmorales	AC10,in,rm102
mmorales	AC10,in,rm109
mmorales	AC20,in,rm209
mmorales	AC20,in,rm213
mmorales	AC40,in,rm413
mmorales	AC40,in,rm417
mmorales	CC10,in,cookies
mmorales	CC10,in,tables
mmorales	EH10,in,lounge
mmorales	EH10,in,rm120
mmorales	WH20,in,lounge
mmorales	WH40,in,antelounge
mmorales	WH40,in,rm402
mmorales	WH40,in,rm409
mmorales	WH40,in,rm423
mmurphy	AC10,in,rm126
mmurphy	AC20,in,rm206
mmurphy	OC00,in,auditorium
mmurphy	WH20,in,lounge
mmurphy	WH20,in,rm202
mmurphy	WH20,in,rm203
mmurphy	WH20,in,rm207
mmurphy	WH30,in,antelounge
mmurphy	WH30,in,lounge
mmurray	AC10,in,rm126
mmurray	AC20,in,rm206
mmurray	EH10,in,111 Kitchen
mmurray	WH20,in,antelounge
mmurray	WH20,in,lounge
mmurray	WH20,in,North Wing Nook
mmurray	WH20,in,rm223
mmurray	WH30,in,lounge
mmurray	WH30,in,northwing nook
mmurray	WH30,in,rm327
mritter	CC10,in,computer bar
mritter	EH20,in,rm228B
mritter	EH30,in,306 lounge
mritter	EH30,in,lounge
mritter	EH30,in,rm306B
mritter	EH30,in,rm306C
mritter	OC10,in,library
mschmidt	AC10,in,rm126
mschmidt	AC20,in,rm209
mschmidt	WH20,in,rm204
mschmidt	WH30,in,lounge
mschmidt	WH30,in,rm309
mschmidt	WH30,in,rm311
mschmidt	WH30,out,northwing
mstark	AC10,in,rm113
mstark	AC30,in,rm313
mstark	CC20,in,Cresecentrm
mstark	WH10,in,Lawn
mstark	WH10,in,lounge
mstark	WH20,in,antelounge
mstark	WH20,in,lounge
mstark	WH20,in,Nook
mstark	WH20,in,rm202
mstark	WH20,in,rm205
mstark	WH30,in,lounge
mstark	WH30,in,northwing nook
mtaylor1	AC30,in,rm309
nhays	AC20,in,rm226 SCOPE Lab
nhays	CC10,in,wooden_waterfall
nhays	EH20,in,rm220
nhobbs	WH40,in,lounge
nhobbs	WH40,in,rm402
Nick	WH40,in,rm427
nlee	AC20,in,rm204
nmartelaro	AC10,in,rm109
nmartelaro	AC10,out,middle
nmartelaro	AC20,in,rm204
nmartelaro	AC40,in,rm428
nmartelaro	WH10,in,lounge
nmartelaro	WH10,in,North Nook
nmartelaro	WH20,in,antelounge
nmartelaro	WH20,in,lounge
nmartelaro	WH20,in,rm205
nmartelaro	WH20,in,rm210
nmartelaro	WH20,in,rm228
nmartelaro	WH20,in,rm229
nmartelaro	WH30,in,rm318
nmartelaro	WH40,in,rm404
nmattison	AC20,in,rm206
nmattison	WH30,in,lounge
nmattison	WH30,in,rm311
nrpayton8	AC30,in,rm326
nrpayton8	WH20,in,rm209
nrpayton8	WH30,in,rm309
nrpayton8	WH40,in,rm427
nwittenstein	AC10,in,rm126
nwittenstein	AC20,in,rm226 SCOPE Lab
nwittenstein	AC30,in,rm309
nwittenstein	EH10,in,111 Kitchen
nwittenstein	EH30,in,rm313
nwittenstein	EH30,in,teamroom
nwittenstein	EH40,in,rm406D
nwittenstein	OC10,in,library
nwittenstein	WH20,in,rm209
onionuser	CC20,in,Dining Hall Mezzanine
onionuser	CC20,in,rm210
Ozymandias	WH20,in,rm210
Ozymandias	WH50,in,rm510
Ozymandias	WH50,in,rm512
pchung	AC20,in,rm208
pchung	WH30,in,rm309
pdirkse	AC10,in,rm109
pdirkse	AC10,in,rm126
pdirkse	CC20,in,Cresecentrm
pdirkse	EH20,in,rm207
pdirkse	EH20,in,rm209
pdirkse	WH30,in,antelounge
pdirkse	WH30,in,lounge
pdirkse	WH30,in,rm325
pierre	AC20,in,rm209
pmandel	AC30,in,rm309
pmandel	AC40,in,rm413
pmandel	EH30,in,rm313
pmandel	EH30,in,rm328
pmandel	EH40,in,Lounge
pmandel	EH40,in,rm420
pmandel	EH40,in,rm422
pwillemann	AC20,in,rm206
pwillemann	AC40,in,rm404
pwillemann	WH10,in,lounge
pwillemann	WH10,in,North Nook
pwillemann	WH20,in,antelounge
pwillemann	WH20,in,rm226
pwillemann	WH30,in,lounge
pwillemann	WH30,in,rm327
pwillemann	WH30,out,northwing
rcherney	AC10,out,The O
rcherney	AC20,in,Gill\\\\\\'s Lab
rcherney	AC40,in,rm413
rcherney	AC40,out,rm419
rcherney	CC10,in,tables
rcherney	EH30,in,rm307
rcherney	OC00,in,Library
rcherney	WH20,in,antelounge
rcherney	WH20,in,lounge
rcherney	WH20,in,Nook
rcherney	WH20,in,rm225
rcherney	WH20,in,rm226
rcherney	WH20,in,rm229
rcherney	WH30,in,rm302
rcherney	WH40,in,lounge
rcherney	WH40,in,rm02
rcherney	WH40,in,rm401
rcherney	WH40,in,rm402
rcherney	WH40,in,rm425
rcrosby	AC20,in,rm209
rcrosby	CC10,in,computer bar
rcrosby	EH10,in,111 Kitchen
rcrosby	EH20,in,221teamrm
rcrosby	EH20,in,rm205
rcrosby	EH20,in,rm206 Lounge
rcrosby	EH20,in,rm207
rcrosby	EH40,in,rm413
rkim	AC20,in,rm206
rkim	AC30,in,rm304
rkim	WH10,out,outside
rkim	WH20,in,antelounge
rkim	WH20,in,lounge
rkim	WH30,in,antelounge
rkim	WH30,in,lounge
rkim	WH30,in,northwing nook
rkim	WH30,in,rm302
rkim	WH30,in,rm323
rkim	WH30,in,rm325
rkim	WH30,in,rm327
rkim	WH30,in,TEAM ROOM
rkim	WH30,out,northwing
rkim	WH40,in,rm404
rleung	WH20,in,rm231
rliu	AC10,in,rm126
rliu	AC20,in,rm209
rliu	WH20,in,lounge
rliu	WH20,in,rm226
rliu	WH30,in,TEAM ROOM
rliu	WH40,in,rm415
rmacklin	CC20,in,Dining Hall Mezzanine
rmacklin	EH20,in,rm228F
rmitchell	AC20,in,rm209
rmitchell	AC30,in,rm306
rmitchell	CC10,in,computer bar
rmitchell	EH10,in,111 Kitchen
rmitchell	EH10,in,lounge
rmitchell	EH20,in,rm215
rmitchell	EH30,in,Lounge
rmitchell	EH30,in,rm305
rmitchell	EH30,in,rm306B
rmitchell	EH30,in,rm321
rmitchell	EH30,in,rm328
roland	EH40,in,rm413
root	EH40,in,rm416
root	EH40,in,rm417
Rorschach	WH20,in,rm210
rorschach	WH30,in,rm318
rorschach	WH50,in,rm318
rorschach	WH50,in,rm510
Rorschach	WH50,in,rm512
rpratt	WH10,in,lounge
rpratt	WH20,in,rm211
rrangan	AC20,in,rm204
rrangan	AC30,in,rm304
rrangan	AC30,in,rm306
rrangan	AC30,in,rm326
rrangan	AC30,in,rm328
rrangan	WH20,in,lounge
rrangan	WH30,in,lounge
rrangan	WH30,in,rm307
rrangan	WH30,in,rm309
rrangan	WH30,out,westwing
rsobecki	AC10,in,rm126
rsobecki	AC20,in,rm209
rsobecki	OC10,in,Auditorium
rsobecki	WH20,in,antelounge
rsobecki	WH20,in,lounge
rsobecki	WH30,in,lounge
rsobecki	WH30,in,northwing nook
rsobecki	WH30,in,rm330
rsobecki	WH30,out,northwing
rstedman	AC30,in,rm304
rstedman	EH40,in,teamroom
rstedman	WH20,in,rm212
rwang	AC10,in,rm126
rwang	AC20,in,rm204
rwang	CC10,in,cookies
rwang	OC10,in,library
rwang	WH30,in,rm309
rwang	WH40,in,rm404
rzeller	AC10,in,rm113
rzeller	AC10,in,rm126
rzeller	AC20,in,rm206
rzeller	CC10,in,dininghall
rzeller	CC10,in,tables
rzeller	WH20,in,lounge
rzeller	WH30,in,antelounge
rzeller	WH30,in,rm304
rzeller	WH30,in,rm306
rzeller	WH30,in,TEAM ROOM
SAllen	AC10,in,rm109
SAllen	AC10,out,middle
SAllen	AC20,in,rm206
SAllen	AC20,in,rm209
SAllen	AC20,in,rm213
SAllen	AC20,in,rm218
SAllen	AC30,in,rm328
SAllen	AC40,in,rm413
sallen	AC40,in,rm417
SAllen	AC40,out,End
SAllen	AC40,out,rm428
sallen	CC00,in,game_room
SAllen	CC10,in,computer bar
SAllen	CC10,in,cookies
sallen	CC10,in,tables
sallen	EH10,in,lounge
sallen	EH30,in,teamroom
SAllen	OC00,in,Auditorium
SAllen	OC00,in,Library
sallen	OC10,in,library
SAllen	OC20,in,Mezzanine
SAllen	WH10,in,Kitchen
SAllen	WH20,in,antelounge
SAllen	WH20,in,lounge
SAllen	WH20,in,Nook
SAllen	WH20,in,north wing
SAllen	WH20,in,rm212
SAllen	WH20,in,rm218
sallen	WH40,in,rm424
santol	AC10,in,rm102
santol	AC30,in,rm318
santol	AC30,in,rm326
santol	AC30,in,rm328
santol	AC40,in,rm413
santol	AC40,in,rm417
santol	WH20,in,rm212
santol	WH20,in,rm225
santol	WH30,in,lounge
santol	WH30,in,rm302
santol	WH30,in,rm306
santol	WH40,in,lounge
santol	WH40,in,rm431
sbackus	AC10,in,rm103
sbackus	AC20,in,rm204
sbackus	AC20,out,hallway
sbackus	AC30,in,rm328
sbackus	AC40,in,rm413
sbackus	WH30,in,antelounge
sbackus	WH30,in,lounge
sbackus	WH30,in,rm301
sbackus	WH30,in,rm301 Bath
sbackus	WH30,in,rm301Bathrm
sbackus	WH30,in,rm302
sbackus	WH30,in,rm303
sbackus	WH40,in,lounge
schao	AC10,in,rm102
schao	AC10,in,rm128
schao	AC20,in,rm206
schao	AC30,in,rm304
schao	AC30,out,rm302
schao	CC00,in,Mail Room
schao	OC00,in,auditorium_stage
schao	OC10,in,library
schao	WH10,in,Antelounge
schao	WH10,in,lounge
schao	WH20,in,antelounge
schao	WH20,in,lounge
schao	WH20,in,Nook
schao	WH20,in,rm213
schao	WH20,out,rm215
schao	WH30,in,antelounge
schao	WH30,in,northwing nook
schao	WH30,in,rm302
schao	WH30,out,northwing
shiggins	AC10,out,The O
shiggins	AC20,in,rm206
shiggins	AC20,in,rm213
shiggins	CC10,out,middle
shiggins	OC00,in,Library
shiggins	OC30,in,rm325
shiggins	WH20,in,lounge
shiggins	WH20,in,Nook
shiggins	WH20,in,rm202
shiggins	WH20,in,rm213
shiggins	WH30,in,lounge
slam	WH20,in,rm209
slam	WH40,in,rm411
smcclure	AC20,in,rm218
smcclure	AC30,in,rm304
smcclure	AC40,in,rm417
smcclure	EH30,in,rm301
smcclure	EH30,in,rm329E
smcclure	EH30,out,northwing
smcclure	EH40,in,rm421
smcclure	OC10,in,library
ssun	WH20,in,Nook
ssun	WH30,in,rm328
sthompson	AC10,in,rm109
sthompson	AC10,in,rm126
sthompson	AC20,in,rm228
sthompson	AC30,in,rm328
sthompson	AC30,out, AC 318
sthompson	EH20,in,rm207
sthompson	OC10,in,library
sthompson	WH30,in,antelounge
sthompson	WH30,in,lounge
sthompson	WH40,in,antelounge
sthompson	WH40,in,rm404
sthompson	WH40,in,rm407
sthompson	WH40,out,northwing
sthomson	AC20,in,rm209
sthomson	OC00,in,Library
sthomson	OC30,in,rm325
sthomson	WH20,in,antelounge
sthomson	WH20,in,lounge
sthomson	WH20,in,rm204
sthomson	WH30,in,lounge
sthomson	WH40,in,lounge
sthomson	WH40,in,rm412
sthomson	WH40,out,eastwing
Sticky Light	WH20,in,rm210
swaskom	AC10,in,rm109
swaskom	AC20,in,rm218
swaskom	AC30,in,rm318
swaskom	WH10,in,Kitchen
swaskom	WH20,in,antelounge
swaskom	WH20,in,rm14
swaskom	WH20,in,rm214
swaskom	WH40,in,rm405
swolpert	AC20,in,rm209
swolpert	AC20,in,rm213
swolpert	AC30,in,rm304
swolpert	CC10,in,computer bar
swolpert	CC20,in,rm210
swolpert	EH10,in,lounge
swolpert	EH10,in,rm101teamrm
swolpert	EH20,in,rm201team
swolpert	EH20,in,rm205
swolpert	EH20,in,rm206 Lounge
swolpert	EH30,in,rm305
swolpert	EH30,in,rm329 suite lounge
swolpert	OC00,in,auditorium
szimmerman	AC10,in,rm126
szimmerman	AC30,in,rm328
szimmerman	CC10,in,computer bar
szimmerman	CC10,in,cookies
szimmerman	CC10,in,tables
szimmerman	WH20,in,lounge
szimmerman	WH20,in,Nook
szimmerman	WH20,in,rm231
szimmerman	WH30,in,rm302
szimmerman	WH40,in,antelounge
szimmerman	WH40,in,rm429
szimmermann	AC20,in,rm204
szimmermann	AC30,out,rm309
szimmermann	AC40,out,rm428
szimmermann	CC10,in,cookies
szimmermann	CC20,in,Dining Hall Mezzanine
szimmermann	EH10,in,rm117
szimmermann	EH30,in,antelounge
szimmermann	EH30,in,rm303
szimmermann	EH30,in,rm307
szimmermann	OC00,in,Computer Lab
szinnen	AC30,in,rm326
szinnen	AC30,in,rm328
szinnen	EH20,in,rm217
szinnen	WH20,in,rm228
szinnen	WH30,in,antelounge
tindik	AC30,in,rm328
tindik	WH30,in,lounge
tindik	WH40,in,antelounge
tindik	WH40,in,rm404
tindik	WH40,in,rm407
tlamar	AC10,in,rm113
tlamar	WH20,in,lounge
tlamar	WH20,in,Nook
tlamar	WH20,in,rm226
tsmith	AC10,in,rm109
tsmith	AC10,in,rm113
tsmith	AC20,in,rm213
tsmith	AC20,in,rm218
tsmith	AC40,in,rm406
tsmith	AC40,in,rm407
tsmith	CC20,in,Board Room
tsmith	EH10,in,111 Kitchen
tsmith	EH10,in,rm106
tsmith	EH10,in,rm106F
tsmith	EH20,in,rm201team
tsmith	OC10,in,library
vdimitrov	AC30,in,rm328
vdimitrov	WH20,in,lounge
vdimitrov	WH20,in,North Wing Nook
vdimitrov	WH20,in,rm207
vdimitrov	WH30,in,rm309
vhsiao	AC10,in,rm109
vhsiao	AC10,in,rm113
vhsiao	AC20,in,rm204
vhsiao	AC30,in,08
vhsiao	AC30,in,rm304
vhsiao	AC30,in,rm313
vhsiao	EH20,in,221teamrm
vhsiao	EH30,in,rm313
vhsiao	EH30,in,rm315
vhsiao	EH40,in,teamroom
vmani	AC10,in,rm126
vmani	AC20,in,rm204
vmani	AC30,in,rm313
vmani	OC00,in,auditorium
vmani	OC00,in,Computer Lab
vmani	OC00,in,Library
vmani	OC10,in,library
vmani	WH40,in,antelounge
vmani	WH40,in,rm402
vmani	WH40,in,rm404
vmani	WH40,in,rm406
wandree	AC10,in,rm102
wandree	AC20,in,rm206
wandree	AC40,in,rm417
wandree	AC40,in,rm428
wandree	OC00,out,north_it
wandree	WH10,in,outside
wandree	WH10,out,Sukkah
wandree	WH20,in,lounge
wandree	WH20,in,rm205
wandree	WH30,in,lounge
wandree	WH30,in,northwing nook
wandree	WH40,in,antelounge
wandree	WH40,in,lounge
wandree	WH40,in,rm403
wandree	WH40,in,rm405
wdvorak	EH30,in,rm305
wdvorak	EH40,in,rm417
xy	WH30,in,rm330
xziemba	AC10,in,rm106
xziemba	AC10,in,rm109
xziemba	AC10,in,rm126
xziemba	AC10,out,The O
xziemba	AC20,in,rm204
xziemba	AC20,in,rm213
xziemba	OC00,in,auditorium
xziemba	OC00,in,Library
xziemba	OC10,in,library
xziemba	WH20,in,antelounge
xziemba	WH20,in,lounge
xziemba	WH20,in,rm202
xziemba	WH20,in,rm228
xziemba	WH30,in,antelounge
xziemba	WH30,in,lounge
xziemba	WH30,in,rm330
yfeng	AC10,in,rm126
yfeng	AC20,in,rm204
yfeng	AC20,in,rm206
yfeng	AC20,in,rm218
yfeng	OC00,in,auditorium
yfeng	OC00,in,Library
yfeng	OC10,in,library
yfeng	WH20,in,lounge
yfeng	WH20,in,north wing
yfeng	WH20,in,North Wing Nook
yfeng	WH20,in,rm204
yfeng	WH20,in,rm210
yfeng	WH20,in,rm227
yfeng	WH20,in,rm229
yfeng	WH30,in,lounge
yfeng	WH30,in,rm302
yfeng	WH30,in,rm304
yfeng	WH30,in,rm309
yfeng	WH30,in,rm311
yfeng	WH30,in,rm318
yfeng	WH30,in,rm323
yfeng	WH30,in,rm325
yfeng	WH40,in,antelounge
yfeng	WH40,in,rm402
yfeng	WH40,in,rm404
yli	WH30,in,rm301
yli	WH30,in,rm312
yli	WH30,in,rm323
yli	WH30,in,rm325
zbrass	AC20,in,rm209
zbrass	AC20,out,rm213
zbrass	CC00,in,Mail Room
zbrass	CC10,in,dininghall
zbrass	CC20,in,Cresecentrm
zbrass	OC00,in,Library
zbrass	OC10,in,library
zbrass	WH20,in,antelounge
zbrass	WH20,in,lounge
zbrass	WH20,in,rm214
zbrass	WH40,in,antelounge
zkratzer	AC10,in,rm113
zkratzer	AC20,in,rm204
zkratzer	AC30,in,rm304
zkratzer	AC30,in,rm328
zkratzer	AC40,in,rm409
zkratzer	AC40,in,rm413
zkratzer	EH40,in,rm405
zkratzer	EH40,in,rm416
zkratzer	EH40,in,rm416C
zkratzer	OC00,in,north_it
zkratzer	OC00,in,rm10 (IT Helpdesk)
zkratzer	WH20,in,rm226
znewell	AC20,in,rm206
znewell	EH10,in,rm106G
znewell	WH40,in,lounge
znewell	WH40,in,rm02
znewell	WH40,in,rm423
