user	MIN(date)
abarry	2008-03-01 04:36:54
abowlby	2008-03-04 20:21:17
AC306	2008-10-31 01:51:39
AC409	2008-10-31 01:52:11
Administrator	2008-03-09 01:33:20
adyer	2008-04-08 00:49:40
afabian	2008-08-30 23:49:00
agao	2008-03-25 21:24:24
ajones	2008-03-05 20:06:49
akenvarg	2008-03-02 20:55:26
akubitza	2008-08-29 19:49:26
Al%20Gore	2008-10-31 01:47:00
Albus%20Dumbledore	2008-10-29 19:00:08
aleigh	2008-08-30 18:55:37
alevitz	2008-03-02 14:22:57
alloyd	2008-08-29 09:40:55
amartin	2008-04-08 09:10:46
Andy%20Rooney	2008-10-31 01:46:59
aolsen	2008-03-06 23:58:09
apethan	2008-03-03 15:39:36
apikler	2008-09-01 21:17:10
apradhan	2008-03-02 13:20:41
Aragog	2008-10-29 19:00:08
arash	2008-04-07 10:59:09
astocks	2008-08-28 12:37:11
aushani	2008-03-04 10:05:14
auttamchandani	2008-03-11 15:04:04
avinash	2008-03-13 17:39:41
aweis	2008-03-05 10:33:28
awu	2008-03-16 02:15:02
b	2008-04-08 20:21:16
Barack%20Obama	2008-10-31 01:46:59
Barty%20Crouch%20Jr	2008-10-29 19:00:08
bcharles	2008-04-07 22:59:27
bdieseldorff	2008-03-02 19:09:53
Bellatrix%20Black	2008-10-29 19:00:08
Ben%20Stein	2008-10-31 01:51:58
bfisher	2008-03-01 18:28:40
Bill%20Gates	2008-10-31 01:51:47
bradleypowers	2008-03-29 17:37:43
bradpowers	2009-02-04 23:44:08
bsmall	2008-03-05 13:54:41
btaratutin	2008-08-28 23:16:07
Buckbeak	2008-10-29 19:00:08
Cedric%20Diggory	2008-10-29 19:00:08
cfitzhugh	2008-08-29 09:35:02
chicks	2008-08-29 16:08:52
Cho%20Chang	2008-10-29 19:00:08
chris	2008-09-22 01:03:33
Chris%20Marra	2009-01-21 23:05:01
cmarra	2008-08-28 12:35:38
cmcleod	2008-04-07 12:09:03
cnguyen	2008-03-03 15:53:19
coff	2008-10-12 01:35:58
coffenbacher	2008-08-29 09:10:58
Colin%20Creevey	2008-10-29 19:00:08
Crabbe	2008-10-29 19:00:08
crouleau	2008-04-07 11:36:26
cstokes	2008-08-28 12:45:46
ctappan	2008-03-09 19:59:21
cwang	2008-03-11 23:59:23
czwiebel	2008-08-28 13:05:26
dbathgate	2008-08-30 13:04:24
dcody	2008-03-03 23:41:56
ddougherty	2008-03-04 22:24:30
Dean%20Thomas	2008-10-29 19:00:08
dgebhart	2008-04-07 12:50:57
dgrieneisen	2008-03-10 13:13:50
dnelson	2008-09-17 20:15:56
Dobby	2008-10-29 19:00:08
Draco%20Malfoy	2008-10-29 19:00:08
dsotingco	2008-04-07 18:43:12
Dubs%20Another%20Nasty	2008-10-31 02:08:54
Dubs%20Nasty	2008-10-31 01:36:11
Dubs%20Nasty!	2008-10-31 02:08:53
Dubs%20Nasty%20	2008-10-31 01:36:12
Dubs%20Nasty%20%20	2008-10-31 01:36:10
Dubs%20Nasty%20%20%20	2008-10-31 01:36:10
Dubs%20Nasty%20%20%20%20	2008-10-31 01:36:10
Dubs%20Nasty%20%20%20%20%20	2008-10-31 01:36:11
Dubs%20Nasty%20%20%20%20%20%20	2008-10-31 01:36:13
Dubs%20Nasty%20%20%20%20%20%20%20	2008-10-31 01:36:11
Dubs%20Nasty%20%20%20%20%20%20%20%20	2008-10-31 01:36:12
Dubs%20Nasty%20%20%20%20%20%20%20%20%20	2008-10-31 01:36:10
Dubs%20Nasty%20%20%20%20%20%20%20%20%20%20	2008-10-31 01:36:12
Dubs%20Nasty%20%20%20%20%20%20%20%20%20%20%20	2008-10-31 01:36:12
Dubs%20Nasty%20%20%20%20%20%20%20%20%20%20%20%20	2008-10-31 01:36:12
Dubs%20Nasty%20%20%20%20%20%20%20%20%20%20%20%20%20	2008-10-31 01:36:12
Dubs%20Nasty%20%20%20%20%20%20%20%20%20%20%20%20%20%20	2008-10-31 01:36:09
Dubs%20Nasty%20%20%20%20%20%20%20%20%20%20%20%20%20%20%20	2008-10-31 01:36:12
Dubs%20Nasty%20%20%20%20%20%20%20%20%20%20%20%20%20%20%20%20	2008-10-31 01:36:10
Dubs%20Nasty%20%20%20%20%20%20%20%20%20%20%20%20%20%20%20%20%20	2008-10-31 01:36:11
Dubs%20Nasty%20%20%20%20%20%20%20%20%20%20%20%20%20%20%20%20%20%20	2008-10-31 01:36:12
Dubs%20Nasty%20%20%20%20%20%20%20%20%20%20%20%20%20%20%20%20%20%20%20	2008-10-31 01:36:11
Dubs%20Nasty%20%20%20%20%20%20%20%20%20%20%20%20%20%20%20%20%20%20%20%20	2008-10-31 01:36:12
Dubs%20Nasty%20%20%20%20%20%20%20%20%20%20%20%20%20%20%20%20%20%20%20%20%20	2008-10-31 01:36:10
Dubs%20Nasty%20%20%20%20%20%20%20%20%20%20%20%20%20%20%20%20%20%20%20%20%20%20	2008-10-31 01:36:10
Dubs%20Nasty%20%20%20%20%20%20%20%20%20%20%20%20%20%20%20%20%20%20%20%20%20%20%20	2008-10-31 01:36:13
Dubs%20Nasty%20%20%20%20%20%20%20%20%20%20%20%20%20%20%20%20%20%20%20%20%20%20%20%20	2008-10-31 01:36:13
Dubs%20Nasty%20%20%20%20%20%20%20%20%20%20%20%20%20%20%20%20%20%20%20%20%20%20%20%20%20	2008-10-31 01:36:13
Dubs%20Nasty%20%20%20%20%20%20%20%20%20%20%20%20%20%20%20%20%20%20%20%20%20%20%20%20%20%20	2008-10-31 01:36:11
Dubs%20Nasty%20%20%20%20%20%20%20%20%20%20%20%20%20%20%20%20%20%20%20%20%20%20%20%20%20%20%20	2008-10-31 01:36:11
Dubs%20Nasty%20%20%20%20%20%20%20%20%20%20%20%20%20%20%20%20%20%20%20%20%20%20%20%20%20%20%20%20	2008-10-31 01:36:11
Dubs%20Nasty%20%20%20%20%20%20%20%20%20%20%20%20%20%20%20%20%20%20%20%20%20%20%20%20%20%20%20%20%20	2008-10-31 01:36:11
Dubs%20Nasty%20Andree	2008-10-31 02:08:41
Dubs%20Nasty%20Man	2008-10-31 02:08:56
Dubs%20Nasty.	2008-10-31 02:08:52
Dubs%20Nasty..	2008-10-31 02:08:41
Dubs%20Nasty?	2008-10-31 02:08:53
Dubs%20NastyNasty	2008-10-31 02:09:02
Dubs%20Nastyyyy	2008-10-31 02:08:59
Dudley%20Dursley	2008-10-29 19:00:08
ebyun	2008-04-07 20:03:05
echisa	2008-03-02 18:19:54
Eh207	2008-10-31 01:51:40
EH306F	2008-10-31 01:51:42
ekoukina	2008-08-30 20:54:38
Elizabeth%20Kneen	2008-03-11 15:09:21
emorikawa	2008-03-03 20:06:28
eoleynikova	2008-03-09 15:04:10
eschumacher	2008-04-07 12:14:21
esheldon	2008-04-07 12:44:58
esterling	2008-03-02 13:20:45
ESwartz	2008-08-29 16:15:53
etowers	2008-08-28 12:25:27
etowns	2008-03-18 00:40:08
fbalestra	2008-09-03 16:59:59
Fleur%20Delacour	2008-10-29 19:00:08
Frankie%20Olin	2008-10-31 01:53:26
Fred%20Weasley	2008-10-29 19:00:08
gboggs	2008-04-07 11:42:03
gdavidoff	2008-09-26 21:02:56
George%20Weasley	2008-10-29 19:00:08
gmarra	2008-03-01 23:47:29
GOD	2008-10-31 01:47:00
Godric%20Gryffindor	2008-10-29 19:00:08
gou	2008-04-07 12:08:33
Goyle	2008-10-29 19:00:08
greg	2009-02-05 11:16:54
gthomas	2008-08-28 12:43:56
Harry%20Potter	2008-10-29 19:00:08
Hedwig	2008-10-29 19:00:08
Helga%20Hufflepuff	2008-10-29 19:00:08
herman	2008-11-12 14:26:06
Hillary%20Clinton	2008-10-31 01:47:01
hjaffe	2008-08-29 18:23:59
Iron%20Man	2008-10-31 01:41:25
Ishafer	2008-03-01 23:40:39
itcltadm	2008-03-03 13:18:57
jadudm	2008-04-25 14:49:17
james	2008-04-07 12:32:48
jatkinson	2008-08-29 18:23:46
jbauer	2008-03-10 19:15:28
jcross	2008-03-04 00:40:39
jcurtis	2008-08-29 22:50:35
jdecew	2008-03-04 00:53:51
jessimurray	2008-04-17 22:12:52
Jesus	2008-10-31 01:47:01
jgorasia	2008-04-16 14:44:31
jharley	2008-04-07 13:22:32
jherman	2008-03-04 22:19:07
jhiggins	2008-04-07 12:02:41
jholler	2008-03-02 10:39:41
jhwang	2008-04-07 01:09:26
jinman	2008-04-07 11:31:23
jizraelevitz	2008-04-07 18:02:31
jkeene	2008-04-08 15:15:00
jlin	2008-04-07 12:53:08
jmccandless	2008-08-29 18:27:23
jmeyer	2008-08-29 16:59:42
jmiller	2008-03-01 16:44:59
jmoore1	2008-03-05 15:37:58
jmurray	2008-03-13 18:55:38
Joe%20Biden	2008-10-31 01:46:59
John%20McCain	2008-10-31 01:47:02
Jon%20Stewart	2008-10-31 01:47:00
jregulinski	2008-08-29 15:24:14
jrosenwinkel	2008-04-07 21:33:38
jrucker	2008-08-29 19:55:33
jsanten	2008-09-01 03:32:39
jsantos	2008-04-07 11:41:26
jsimonovich	2008-08-28 12:37:36
jstanton	2008-04-29 15:48:11
jswitzer	2008-10-29 19:31:59
jwest	2008-05-01 11:46:31
jwhong	2008-04-07 16:06:13
jzapanta	2008-04-09 16:50:33
kadamec	2008-03-25 10:07:03
kcary	2008-03-11 09:14:02
kdramstad	2008-09-03 17:44:34
kelliott	2008-03-02 14:58:48
kevinbretney	2008-04-07 12:27:50
kgonzalez	2008-04-06 22:04:01
khicks	2008-10-08 10:24:20
kmiller	2008-04-07 14:20:51
kmurphy	2008-04-28 19:28:51
komanakuttan	2008-03-05 13:07:01
kporta	2008-03-05 21:38:03
kschults	2008-03-23 21:56:21
ksihlanick	2008-03-06 00:43:56
ksimon	2008-09-01 20:52:56
kspong	2008-03-11 00:17:36
kstadtmueller	2008-03-04 20:18:13
kterracciano	2008-03-09 09:46:12
ktowers	2008-04-07 20:38:41
Larry%20Ellison	2008-10-31 01:53:29
ldethrow	2008-03-12 16:30:07
ldunne	2008-03-24 17:44:55
lfirstenberg	2008-03-05 13:06:39
lgerhat	2008-03-02 23:47:34
lglanville	2008-03-02 03:01:39
ljentoft	2008-03-02 07:44:29
lkaye	2008-03-24 19:03:57
lmendelson	2008-04-07 11:09:22
lreed	2008-08-30 18:39:23
lweis	2008-03-06 18:51:20
MadEye%20Moody	2008-10-29 19:00:08
malv	2008-10-12 01:06:04
malvarado	2008-09-19 00:32:52
mbejar	2008-08-29 18:36:28
mbittner	2008-08-29 16:34:26
mboes	2008-04-08 20:32:50
mboutelle	2008-03-02 19:26:00
mchang	2008-04-04 20:29:58
mcrawford	2008-03-02 18:49:54
melsenbeck	2008-03-24 13:58:58
mhuang	2008-08-28 13:29:54
Michael%20Bloomberg	2008-10-31 01:51:58
Mike%20Huckabee	2008-10-31 01:47:01
miradu	2008-04-07 11:13:10
Mitt%20Romney	2008-10-31 01:53:29
mlavine	2008-09-01 12:12:37
mmorales	2008-03-02 00:10:43
mmurphy	2008-08-28 12:32:39
mmurray	2008-08-31 11:05:21
Mr%20Ollivander	2008-10-29 19:00:08
mritter	2008-03-01 17:51:21
mschmidt	2008-08-30 18:44:48
mstark	2008-08-29 18:40:19
mtaylor1	2008-04-30 00:41:55
nhays	2008-03-25 22:11:58
nhobbs	2008-04-16 16:37:14
nlee	2008-03-12 23:34:07
nmartelaro	2008-08-29 18:26:22
nmattison	2008-08-28 12:35:31
None	2008-03-13 20:07:54
Not%20The%20NYSE	2008-10-31 01:53:24
nrpayton8	2008-04-04 00:51:56
nwittenstein	2008-04-17 15:12:35
Oleg	2008-10-22 12:35:36
Oleg%20Murray	2008-10-22 12:37:18
onionuser	2008-11-30 12:21:30
Paul%20Allen	2008-10-31 01:51:46
pchung	2008-09-04 21:33:25
pdirkse	2008-03-02 21:09:07
PEEVES	2008-10-29 19:00:08
Peter%20Pettigrew	2008-10-29 19:00:08
pierre	2008-04-28 18:04:34
pmandel	2008-03-03 01:16:23
pwillemann	2008-08-29 18:38:14
rcherney	2008-04-08 22:21:48
rcrosby	2008-03-12 11:05:13
Rick%20James%20.......Bitch	2008-10-31 01:43:36
Rick%James%.......Bitch	2008-10-31 01:41:24
rkim	2008-08-31 02:08:42
rleung	2008-10-18 14:34:49
rliu	2008-08-28 12:37:52
rmacklin	2008-10-01 21:18:26
rmitchell	2008-04-07 12:10:18
rnancollas	2008-12-12 10:52:32
Robin	2008-10-31 01:41:26
roland	2008-03-13 20:15:41
Ron%20Paul	2008-10-31 01:47:00
Ron%20Weasley	2008-10-29 19:00:08
root	2008-04-07 11:29:07
rpratt	2008-08-29 18:40:47
rrangan	2008-03-01 15:30:46
rsobecki	2008-09-01 12:16:34
rstedman	2008-04-07 10:00:38
Rubeus%20Hagrid	2008-10-29 19:00:08
rwang	2008-08-30 18:06:46
rzeller	2008-08-30 15:38:06
sallen	2008-03-02 14:10:20
santol	2008-03-10 19:33:00
Sarah%20Palin	2008-10-31 01:46:59
sbackus	2008-03-27 08:07:11
schao	2008-08-28 15:54:42
Seamus%20Finnigan	2008-10-29 19:00:08
Severus%20Snape	2008-10-29 19:00:08
shiggins	2008-08-29 09:38:33
Sirius%20Black	2008-10-29 19:00:08
Sketchy%20Babson%20Bros	2008-10-31 01:51:42
slam	2008-04-07 20:28:09
smcclure	2008-03-01 17:44:42
Spiderman	2008-10-31 01:41:24
ssun	2008-09-25 08:28:42
Stephen%20Colbert	2008-10-31 01:47:01
Steve%20Jobs	2008-10-31 01:51:44
sthompson	2008-04-07 13:26:30
sthomson	2008-08-31 12:26:52
swaskom	2008-03-09 20:15:11
swolpert	2008-03-09 15:17:29
szimmerman	2008-04-03 16:44:37
szimmermann	2008-03-04 15:17:48
szinnen	2008-03-27 17:35:32
Thats%20What%20She%20Said	2008-10-31 01:52:12
The%20Dark%20Knight	2008-10-31 01:41:24
The%20Green%20Goblin	2008-10-31 01:43:36
The%20Guy%20Stealing%20Your%20Identity%20Now	2008-10-31 01:52:11
The%20Hulk	2008-10-31 01:43:37
The%20Joker	2008-10-31 01:43:35
The%20Punisher	2008-10-31 01:43:37
The%20Queen	2008-10-31 01:53:27
The%Green%Goblin	2008-10-31 01:41:26
The%Hulk	2008-10-31 01:41:25
The%Joker	2008-10-31 01:41:26
The%Punisher	2008-10-31 01:41:23
tindik	2008-04-07 11:44:06
tlamar	2008-08-30 20:03:30
TMichon	2008-03-10 00:26:26
Tom%20Riddle	2008-10-29 19:00:08
Tonks	2008-10-29 19:00:08
tsmith	2008-03-10 10:36:53
vdimitrov	2008-03-24 13:35:27
Venom	2008-10-31 01:41:25
vhsiao	2008-03-01 22:33:57
vmani	2008-08-28 00:42:28
Voldemort	2008-10-29 19:00:08
wandree	2008-08-30 23:43:32
Warren%20Buffet	2008-10-31 01:53:27
wdvorak	2008-04-07 21:06:23
WH204	2008-10-31 01:51:46
WH401	2008-10-31 01:51:40
wlong	2008-03-12 10:27:37
Wolf%20Blitzer	2008-10-31 01:47:02
Wolverine	2008-10-31 01:41:24
Wonder%20Woman	2008-10-31 01:41:25
xy	2008-10-20 03:16:33
xyz	2008-10-31 03:38:05
xziemba	2008-08-30 22:28:04
yfeng	2008-09-08 00:43:15
yli	2008-04-07 18:15:25
YOUR%20MOM	2008-10-31 01:53:26
zbrass	2008-08-28 12:44:03
zkratzer	2008-03-10 23:34:19
znewell	2008-03-04 00:40:44
