user	COUNT(*)
	292
abarry	3779
abowlby	1900
AC306	4
AC409	3
Administrator	18
adyer	11357
afabian	9240
agao	1779
ajones	3746
akenvarg	510
akubitza	6898
Al%20Gore	163
Albus%20Dumbledore	186
aleigh	174
alevitz	2765
alloyd	6132
amartin	6740
Andy%20Rooney	164
aolsen	4728
apethan	3992
apikler	3887
apradhan	9641
Aragog	185
arash	446
astocks	8447
aushani	11543
auttamchandani	4064
avinash	19
aweis	60
awu	20681
b	335
Barack%20Obama	163
Barty%20Crouch%20Jr	186
bcharles	2269
bdieseldorff	3945
Bellatrix%20Black	186
Ben%20Stein	159
bfisher	2868
Bill%20Gates	159
bradleypowers	953
bradpowers	106
bsmall	4693
btaratutin	761
Buckbeak	185
Cedric%20Diggory	186
cfitzhugh	5651
chicks	6
Cho%20Chang	186
chris	1
Chris%20Marra	62
cmarra	554
cmcleod	5963
cnguyen	4458
coff	1
coffenbacher	6856
Colin%20Creevey	186
Crabbe	186
crouleau	7056
cstokes	3482
ctappan	5341
cwang	7954
czwiebel	3546
dbathgate	4463
dcody	6761
ddougherty	7978
Dean%20Thomas	186
dgebhart	8574
dgrieneisen	611
dnelson	2773
Dobby	184
Draco%20Malfoy	186
dsotingco	105
Dubs%20Another%20Nasty	151
Dubs%20Nasty	160
Dubs%20Nasty!	150
Dubs%20Nasty%20	1
Dubs%20Nasty%20%20	1
Dubs%20Nasty%20%20%20	1
Dubs%20Nasty%20%20%20%20	1
Dubs%20Nasty%20%20%20%20%20	1
Dubs%20Nasty%20%20%20%20%20%20	1
Dubs%20Nasty%20%20%20%20%20%20%20	1
Dubs%20Nasty%20%20%20%20%20%20%20%20	1
Dubs%20Nasty%20%20%20%20%20%20%20%20%20	1
Dubs%20Nasty%20%20%20%20%20%20%20%20%20%20	1
Dubs%20Nasty%20%20%20%20%20%20%20%20%20%20%20	1
Dubs%20Nasty%20%20%20%20%20%20%20%20%20%20%20%20	1
Dubs%20Nasty%20%20%20%20%20%20%20%20%20%20%20%20%20	1
Dubs%20Nasty%20%20%20%20%20%20%20%20%20%20%20%20%20%20	1
Dubs%20Nasty%20%20%20%20%20%20%20%20%20%20%20%20%20%20%20	1
Dubs%20Nasty%20%20%20%20%20%20%20%20%20%20%20%20%20%20%20%20	1
Dubs%20Nasty%20%20%20%20%20%20%20%20%20%20%20%20%20%20%20%20%20	1
Dubs%20Nasty%20%20%20%20%20%20%20%20%20%20%20%20%20%20%20%20%20%20	1
Dubs%20Nasty%20%20%20%20%20%20%20%20%20%20%20%20%20%20%20%20%20%20%20	1
Dubs%20Nasty%20%20%20%20%20%20%20%20%20%20%20%20%20%20%20%20%20%20%20%20	1
Dubs%20Nasty%20%20%20%20%20%20%20%20%20%20%20%20%20%20%20%20%20%20%20%20%20	1
Dubs%20Nasty%20%20%20%20%20%20%20%20%20%20%20%20%20%20%20%20%20%20%20%20%20%20	1
Dubs%20Nasty%20%20%20%20%20%20%20%20%20%20%20%20%20%20%20%20%20%20%20%20%20%20%20	1
Dubs%20Nasty%20%20%20%20%20%20%20%20%20%20%20%20%20%20%20%20%20%20%20%20%20%20%20%20	1
Dubs%20Nasty%20%20%20%20%20%20%20%20%20%20%20%20%20%20%20%20%20%20%20%20%20%20%20%20%20	1
Dubs%20Nasty%20%20%20%20%20%20%20%20%20%20%20%20%20%20%20%20%20%20%20%20%20%20%20%20%20%20	1
Dubs%20Nasty%20%20%20%20%20%20%20%20%20%20%20%20%20%20%20%20%20%20%20%20%20%20%20%20%20%20%20	1
Dubs%20Nasty%20%20%20%20%20%20%20%20%20%20%20%20%20%20%20%20%20%20%20%20%20%20%20%20%20%20%20%20	1
Dubs%20Nasty%20%20%20%20%20%20%20%20%20%20%20%20%20%20%20%20%20%20%20%20%20%20%20%20%20%20%20%20%20	1
Dubs%20Nasty%20Andree	151
Dubs%20Nasty%20Man	150
Dubs%20Nasty.	150
Dubs%20Nasty..	151
Dubs%20Nasty?	150
Dubs%20NastyNasty	150
Dubs%20Nastyyyy	151
Dudley%20Dursley	186
ebyun	1225
echisa	6266
Eh207	4
EH306F	4
ekoukina	3978
Elizabeth%20Kneen	7
emorikawa	5771
eoleynikova	3491
eschumacher	8070
esheldon	7567
esterling	6
ESwartz	153
etowers	2066
etowns	101
fbalestra	16
Fleur%20Delacour	186
Frankie%20Olin	156
Fred%20Weasley	185
gboggs	1548
gdavidoff	5329
George%20Weasley	186
gmarra	1766
GOD	164
Godric%20Gryffindor	185
gou	8
Goyle	186
greg	141
gthomas	7293
Harry%20Potter	186
Hedwig	185
Helga%20Hufflepuff	184
herman	6
Hillary%20Clinton	163
hjaffe	4589
Iron%20Man	165
Ishafer	4874
itcltadm	145
jadudm	24
james	1119
jatkinson	321
jbauer	37
jcross	8588
jcurtis	7753
jdecew	6
jessimurray	9
Jesus	162
jgorasia	9673
jharley	8316
jherman	8254
jhiggins	115
jholler	245
jhwang	6
jinman	1070
jizraelevitz	14489
jkeene	1346
jlin	4016
jmccandless	8254
jmeyer	6872
jmiller	6678
jmoore1	4448
jmurray	1812
Joe%20Biden	164
John%20McCain	162
Jon%20Stewart	163
jregulinski	7329
jrosenwinkel	332
jrucker	5978
jsanten	7
jsantos	11488
jsimonovich	4470
jstanton	47
jswitzer	3069
jwest	6142
jwhong	6602
jzapanta	121
kadamec	12596
kcary	3
kdramstad	5012
kelliott	12783
kevinbretney	1488
kgonzalez	1
khicks	364
kmiller	4689
kmurphy	416
komanakuttan	4701
kporta	391
kschults	7532
ksihlanick	5467
ksimon	5032
kspong	9397
kstadtmueller	9321
kterracciano	12118
ktowers	17
Larry%20Ellison	155
ldethrow	3258
ldunne	3951
lfirstenberg	14746
lgerhat	4819
lglanville	19694
ljentoft	3251
lkaye	11914
lmendelson	18831
lreed	56
lweis	16317
MadEye%20Moody	186
malv	1
malvarado	5514
mbejar	3460
mbittner	557
mboes	841
mboutelle	2195
mchang	163
mcrawford	18956
melsenbeck	7757
mhuang	4788
Michael%20Bloomberg	158
Mike%20Huckabee	163
miradu	448
Mitt%20Romney	156
mlavine	3570
mmorales	4541
mmurphy	2824
mmurray	5377
Mr%20Ollivander	185
mritter	4690
mschmidt	3784
mstark	870
mtaylor1	6
nhays	178
nhobbs	5136
nlee	1
nmartelaro	687
nmattison	6102
None	4
Not%20The%20NYSE	156
nrpayton8	359
nwittenstein	434
Oleg	2
Oleg%20Murray	51
onionuser	1451
Paul%20Allen	159
pchung	6125
pdirkse	23362
PEEVES	186
Peter%20Pettigrew	186
pierre	2
pmandel	7400
pwillemann	2397
rcherney	8931
rcrosby	391
Rick%20James%20.......Bitch	162
Rick%James%.......Bitch	2
rkim	2629
rleung	2334
rliu	4940
rmacklin	9771
rmitchell	10507
rnancollas	1061
Robin	165
roland	10
Ron%20Paul	164
Ron%20Weasley	185
root	7
rpratt	77
rrangan	3791
rsobecki	2846
rstedman	8304
Rubeus%20Hagrid	184
rwang	1336
rzeller	6836
sallen	4731
santol	22256
Sarah%20Palin	164
sbackus	1209
schao	6618
Seamus%20Finnigan	184
Severus%20Snape	186
shiggins	4699
Sirius%20Black	185
Sketchy%20Babson%20Bros	159
slam	2198
smcclure	6306
Spiderman	165
ssun	26
Stephen%20Colbert	164
Steve%20Jobs	159
sthompson	10331
sthomson	5977
swaskom	3358
swolpert	2133
szimmerman	4482
szimmermann	6869
szinnen	18637
Thats%20What%20She%20Said	157
The%20Dark%20Knight	165
The%20Green%20Goblin	163
The%20Guy%20Stealing%20Your%20Identity%20Now	157
The%20Hulk	163
The%20Joker	163
The%20Punisher	162
The%20Queen	156
The%Green%Goblin	2
The%Hulk	2
The%Joker	2
The%Punisher	2
tindik	8121
tlamar	8095
TMichon	1
Tom%20Riddle	186
Tonks	186
tsmith	3654
vdimitrov	3067
Venom	165
vhsiao	6794
vmani	5356
Voldemort	185
wandree	4288
Warren%20Buffet	155
wdvorak	215
WH204	4
WH401	4
wlong	4
Wolf%20Blitzer	164
Wolverine	165
Wonder%20Woman	163
xy	20
xyz	16
xziemba	3702
yfeng	6808
yli	6629
YOUR%20MOM	156
zbrass	5060
zkratzer	10215
znewell	13623
