ACTION
EH-----
COUNT(*)
16414
COUNT(*)
13403
COUNT(*)
10335
COUNT(*)
8763
COUNT(*)
7836
COUNT(*)
7479
COUNT(*)
7403
COUNT(*)
7864
COUNT(*)
8810
COUNT(*)
9772
COUNT(*)
9199
COUNT(*)
9785
COUNT(*)
10006
COUNT(*)
10244
COUNT(*)
11128
COUNT(*)
11901
COUNT(*)
13029
COUNT(*)
13729
COUNT(*)
13913
COUNT(*)
15994
COUNT(*)
17107
COUNT(*)
18059
COUNT(*)
18639
COUNT(*)
18422
ACTION
WH-----
COUNT(*)
27243
COUNT(*)
23629
COUNT(*)
19311
COUNT(*)
14887
COUNT(*)
12855
COUNT(*)
11292
COUNT(*)
10850
COUNT(*)
11124
COUNT(*)
11367
COUNT(*)
13124
COUNT(*)
13332
COUNT(*)
15646
COUNT(*)
17607
COUNT(*)
16642
COUNT(*)
17137
COUNT(*)
18584
COUNT(*)
19308
COUNT(*)
19850
COUNT(*)
19965
COUNT(*)
24786
COUNT(*)
26007
COUNT(*)
27047
COUNT(*)
28947
COUNT(*)
29475
ACTION
OC-----
COUNT(*)
1177
COUNT(*)
992
COUNT(*)
838
COUNT(*)
656
COUNT(*)
578
COUNT(*)
528
COUNT(*)
486
COUNT(*)
467
COUNT(*)
704
COUNT(*)
1102
COUNT(*)
1515
COUNT(*)
2187
COUNT(*)
1695
COUNT(*)
1984
COUNT(*)
2290
COUNT(*)
2327
COUNT(*)
2116
COUNT(*)
1934
COUNT(*)
1409
COUNT(*)
1759
COUNT(*)
1849
COUNT(*)
1830
COUNT(*)
1684
COUNT(*)
1515
ACTION
CC-----
COUNT(*)
208
COUNT(*)
161
COUNT(*)
125
COUNT(*)
78
COUNT(*)
68
COUNT(*)
68
COUNT(*)
53
COUNT(*)
125
COUNT(*)
534
COUNT(*)
845
COUNT(*)
967
COUNT(*)
1287
COUNT(*)
1860
COUNT(*)
1198
COUNT(*)
774
COUNT(*)
910
COUNT(*)
890
COUNT(*)
750
COUNT(*)
859
COUNT(*)
620
COUNT(*)
504
COUNT(*)
450
COUNT(*)
348
COUNT(*)
276
ACTION
DONE-----
